Start: 2018-09-19 14:44:32
Initalize Payment
Donor added
Secret_key:sk_c9e9ee9cbd584884aa6eacc99166781b
Curl request for action:https://api.openpay.mx/v1/m20vzv1gozraevafpmoi/customers
 : Array
(
    [name] => Abelardo Leal Garza
    [email] => alealg@gmail.com
    [requires_account] => 
)
 
 
Customer is created: aalohbilicerdywn6hlw
Add card request for 3d secure
Source is not validated
Start: 2018-09-19 14:59:14
Initalize Payment
Donor added
Updated Payment history
Added payment log
Payment processing with 3D secure. redirect
Payment has been successfully made
hook update_payment_history after 3d secure processed
hook update_payment_log after 3d secure processed
End: 2018-09-19 14:59:35
