Start: 2018-09-18 20:45:05
Initalize Payment
Donor added
Secret_key:sk_c9e9ee9cbd584884aa6eacc99166781b
Curl request for action:https://api.openpay.mx/v1/m20vzv1gozraevafpmoi/customers
 : Array
(
    [name] => JUAN OSCAR GIL MENDEZ
    [email] => juan_oscar_gil@hotmail.com
    [requires_account] => 
)
 
 
Customer is created: a0hmxmvxpwecq5j9xqde
Add card request for 3d secure
Source is not validated
Start: 2018-09-18 21:43:36
Initalize Payment
Donor added
Secret_key:sk_c9e9ee9cbd584884aa6eacc99166781b
Curl request for action:https://api.openpay.mx/v1/m20vzv1gozraevafpmoi/customers
 : Array
(
    [name] => JUAN OSCAR GIL MENDEZ
    [email] => juan_oscar_gil@hotmail.com
    [requires_account] => 
)
 
 
Customer is created: abowekprmyhyngm4gqas
Add card request for 3d secure
Source is not validated
