Start: 2020-01-25 20:49:38
Initalize Payment
Donor added
Updated Payment history
Added payment log
Payment processing with 3D secure. redirect
Payment has been failed
hook update_payment_history after 3d secure processed
hook update_payment_log after 3d secure processed
Sent payment_failure mail
End: 2020-01-25 20:50:50

Start: 2020-01-25 20:52:18
Initalize Payment
Donor added
Updated Payment history
Added payment log
Payment processing with 3D secure. redirect
Payment has been failed
hook update_payment_history after 3d secure processed
hook update_payment_log after 3d secure processed
Sent payment_failure mail
End: 2020-01-25 20:53:13

Start: 2020-01-25 20:55:27
Initalize Payment
Donor added
Updated Payment history
Added payment log
Payment processing with 3D secure. redirect
