Start: 2019-12-13 17:45:22
Initalize Payment
Donor added
Updated Payment history
Added payment log
Payment processing with 3D secure. redirect
Payment has been failed
hook update_payment_history after 3d secure processed
hook update_payment_log after 3d secure processed
Sent payment_failure mail
End: 2019-12-13 17:45:29

Start: 2019-12-13 17:46:52
Initalize Payment
Donor added
Updated Payment history
Added payment log
Payment processing with 3D secure. redirect
Payment has been failed
hook update_payment_history after 3d secure processed
hook update_payment_log after 3d secure processed
Sent payment_failure mail
End: 2019-12-13 17:46:57

Start: 2019-12-13 17:48:01
Initalize Payment
Donor added
Updated Payment history
Added payment log
Payment processing with 3D secure. redirect
Payment has been failed
hook update_payment_history after 3d secure processed
hook update_payment_log after 3d secure processed
Sent payment_failure mail
End: 2019-12-13 17:48:06

Start: 2019-12-13 17:52:56
Initalize Payment
Donor added
Updated Payment history
Added payment log
Payment processing with 3D secure. redirect
Payment has been successfully made
hook update_payment_history after 3d secure processed
hook update_payment_log after 3d secure processed
Sent payment_success mail
End: 2019-12-13 17:54:54
