Start: 2020-12-16 21:43:35
Initalize Payment
Donor added
Updated Payment history
Added payment log
Payment processing with 3D secure. redirect
Payment has been failed
hook update_payment_history after 3d secure processed
hook update_payment_log after 3d secure processed
Sent payment_failure mail
End: 2020-12-16 21:43:44

Start: 2020-12-16 21:46:32
Initalize Payment
Donor added
Updated Payment history
Added payment log
Payment processing with 3D secure. redirect
Payment has been successfully made
hook update_payment_history after 3d secure processed
hook update_payment_log after 3d secure processed
Sent payment_success mail
End: 2020-12-16 21:46:42
