Start: 2019-04-22 13:51:33
Initalize Payment
Donor added
Openpay request is failed due to:1001
La solicitud no es un formato v치lido de JSON, los campos no tienen el formato correcto o la solicitud no tiene los campos obligatorios.
Start: 2019-04-22 13:53:35
Initalize Payment
Donor added
Openpay request is failed due to:1001
La solicitud no es un formato v치lido de JSON, los campos no tienen el formato correcto o la solicitud no tiene los campos obligatorios.
Start: 2019-04-22 16:39:21
Initalize Payment
Donor added
Openpay request is failed due to:1001
La solicitud no es un formato v치lido de JSON, los campos no tienen el formato correcto o la solicitud no tiene los campos obligatorios.
Start: 2019-04-22 20:30:37
Initalize Payment
Donor added
Openpay request is failed due to:1001
La solicitud no es un formato v치lido de JSON, los campos no tienen el formato correcto o la solicitud no tiene los campos obligatorios.
