Start: 2020-04-10 14:13:03
Initalize Payment
Donor added
Updated Payment history
Added payment log
Payment processing with 3D secure. redirect
Payment has been failed
hook update_payment_history after 3d secure processed
hook update_payment_log after 3d secure processed
Sent payment_failure mail
End: 2020-04-10 14:13:11

Start: 2020-04-10 14:16:01
Initalize Payment
Donor added
Updated Payment history
Added payment log
Payment processing with 3D secure. redirect
Payment has been failed
hook update_payment_history after 3d secure processed
hook update_payment_log after 3d secure processed
Sent payment_failure mail
End: 2020-04-10 14:16:09

