Start: 2021-01-11 22:18:44
Initalize Payment
Donor added
Openpay request is failed due to:1001
La solicitud no es un formato válido de JSON, los campos no tienen el formato correcto o la solicitud no tiene los campos obligatorios.
Start: 2021-01-11 22:19:31
Initalize Payment
Donor added
Openpay request is failed due to:1001
La solicitud no es un formato válido de JSON, los campos no tienen el formato correcto o la solicitud no tiene los campos obligatorios.
Start: 2021-01-11 22:25:55
Initalize Payment
Donor added
Openpay request is failed due to:1001
La solicitud no es un formato válido de JSON, los campos no tienen el formato correcto o la solicitud no tiene los campos obligatorios.
Start: 2021-01-11 22:27:48
Initalize Payment
Donor added
Openpay request is failed due to:1001
La solicitud no es un formato válido de JSON, los campos no tienen el formato correcto o la solicitud no tiene los campos obligatorios.
Start: 2021-01-11 23:03:24
Initalize Payment
Donor added
Openpay request is failed due to:1001
La solicitud no es un formato válido de JSON, los campos no tienen el formato correcto o la solicitud no tiene los campos obligatorios.
Start: 2021-01-11 23:04:27
Initalize Payment
Donor added
Openpay request is failed due to:1001
La solicitud no es un formato válido de JSON, los campos no tienen el formato correcto o la solicitud no tiene los campos obligatorios.
