Start: 2023-04-01 21:19:43
Initalize Payment
Donor added
Updated Payment history
Added payment log
Payment processing with 3D secure. redirect
Payment has been successfully made
hook update_payment_history after 3d secure processed
hook update_payment_log after 3d secure processed
Sent payment_success mail
End: 2023-04-01 21:21:05
Start: 2023-04-01 21:23:37
Initalize Payment
Donor added
Start: 2023-04-01 21:27:10
Initalize Payment
Donor added
Updated Payment history
Added payment log
Payment processing with 3D secure. redirect
Payment has been successfully made
hook update_payment_history after 3d secure processed
hook update_payment_log after 3d secure processed
Sent payment_success mail
End: 2023-04-01 21:27:50
Start: 2023-04-01 21:29:01
Initalize Payment
Donor added
Start: 2023-04-01 21:34:48
Initalize Payment
Donor added
Updated Payment history
Added payment log
Payment processing with 3D secure. redirect
Payment has been successfully made
hook update_payment_history after 3d secure processed
hook update_payment_log after 3d secure processed
Sent payment_success mail
End: 2023-04-01 21:35:21
