Start: 2021-08-17 17:31:58
Initalize Payment
Donor added
Updated Payment history
Added payment log
Payment processing with 3D secure. redirect
Payment has been failed
hook update_payment_history after 3d secure processed
hook update_payment_log after 3d secure processed
Sent payment_failure mail
End: 2021-08-17 17:32:04

Start: 2021-08-17 17:36:43
Initalize Payment
Donor added
Updated Payment history
Added payment log
Payment processing with 3D secure. redirect
Payment has been failed
hook update_payment_history after 3d secure processed
hook update_payment_log after 3d secure processed
Sent payment_failure mail
End: 2021-08-17 17:36:48

Start: 2021-08-17 17:39:33
Initalize Payment
Donor added
Updated Payment history
Added payment log
Payment processing with 3D secure. redirect
Payment has been failed
hook update_payment_history after 3d secure processed
hook update_payment_log after 3d secure processed
Sent payment_failure mail
End: 2021-08-17 17:39:38

