Start: 2023-05-25 21:32:27
Initalize Payment
Donor added
Updated Payment history
Added payment log
Payment processing with 3D secure. redirect
Payment has been successfully made
hook update_payment_history after 3d secure processed
hook update_payment_log after 3d secure processed
Sent payment_success mail
End: 2023-05-25 21:32:33
Start: 2023-05-25 21:57:07
Initalize Payment
Donor added
Start: 2023-05-25 22:07:55
Initalize Payment
Donor added
Start: 2023-05-25 22:10:41
Initalize Payment
Donor added
Start: 2023-05-25 22:12:25
Initalize Payment
Donor added
Updated Payment history
Added payment log
Payment processing with 3D secure. redirect
Payment has been successfully made
hook update_payment_history after 3d secure processed
hook update_payment_log after 3d secure processed
Sent payment_success mail
End: 2023-05-25 22:12:30
Start: 2023-05-25 22:15:04
Initalize Payment
Donor added
Updated Payment history
Added payment log
Payment processing with 3D secure. redirect
Payment has been successfully made
hook update_payment_history after 3d secure processed
hook update_payment_log after 3d secure processed
Sent payment_success mail
End: 2023-05-25 22:15:10
Start: 2023-05-25 22:17:14
Initalize Payment
Donor added
Updated Payment history
Added payment log
Payment processing with 3D secure. redirect
Payment has been successfully made
hook update_payment_history after 3d secure processed
hook update_payment_log after 3d secure processed
Sent payment_success mail
End: 2023-05-25 22:17:19
