Start: 2020-09-17 14:01:01
Initalize Payment
Donor added
Updated Payment history
Added payment log
Payment processing with 3D secure. redirect
Payment has been failed
hook update_payment_history after 3d secure processed
hook update_payment_log after 3d secure processed
Sent payment_failure mail
End: 2020-09-17 14:01:31

Start: 2020-09-17 17:19:34
Initalize Payment
Donor added
Updated Payment history
Added payment log
Payment processing with 3D secure. redirect
Payment has been failed
hook update_payment_history after 3d secure processed
hook update_payment_log after 3d secure processed
Sent payment_failure mail
End: 2020-09-17 17:24:42

Start: 2020-09-17 20:30:49
Initalize Payment
Donor added
Updated Payment history
Added payment log
Payment processing with 3D secure. redirect
