Start: 2022-06-19 05:50:28
Initalize Payment
Donor added
Updated Payment history
Added payment log
Payment processing with 3D secure. redirect
Payment has been failed
hook update_payment_history after 3d secure processed
hook update_payment_log after 3d secure processed
Sent payment_failure mail
End: 2022-06-19 05:50:53

Start: 2022-06-19 05:52:30
Initalize Payment
Donor added
Start: 2022-06-19 05:53:29
Initalize Payment
Donor added
Start: 2022-06-19 05:53:38
Initalize Payment
Donor added
Start: 2022-06-19 05:54:06
Initalize Payment
Donor added
Start: 2022-06-19 05:54:50
Initalize Payment
Donor added
