Start: 2021-02-22 18:29:44
Initalize Payment
Donor added
Updated Payment history
Added payment log
Payment processing with 3D secure. redirect
Payment has been failed
hook update_payment_history after 3d secure processed
hook update_payment_log after 3d secure processed
Sent payment_failure mail
End: 2021-02-22 18:29:56

Start: 2021-02-22 18:31:41
Initalize Payment
Donor added
Updated Payment history
Added payment log
Payment processing with 3D secure. redirect
Payment has been successfully made
hook update_payment_history after 3d secure processed
hook update_payment_log after 3d secure processed
Sent payment_success mail
End: 2021-02-22 18:31:50
