Start: 2022-03-25 00:41:30
Initalize Payment
Donor added
Updated Payment history
Added payment log
Payment processing with 3D secure. redirect
Payment has been failed
hook update_payment_history after 3d secure processed
hook update_payment_log after 3d secure processed
Sent payment_failure mail
End: 2022-03-25 00:41:56

Start: 2022-03-25 00:43:05
Initalize Payment
Donor added
Start: 2022-03-25 00:44:12
Initalize Payment
Donor added
Updated Payment history
Added payment log
Payment processing with 3D secure. redirect
Payment has been failed
hook update_payment_history after 3d secure processed
hook update_payment_log after 3d secure processed
Sent payment_failure mail
End: 2022-03-25 00:44:19

