Start: 2019-09-17 01:36:41
Initalize Payment
Donor added
Updated Payment history
Added payment log
Payment processing with 3D secure. redirect
Payment has been failed
hook update_payment_history after 3d secure processed
hook update_payment_log after 3d secure processed
Sent payment_failure mail
End: 2019-09-17 01:36:55

Start: 2019-09-17 02:07:41
Initalize Payment
Asegúrese de que los datos de su tarjeta se hayan ingresado correctamente y que su navegador admita JavaScript.
Start: 2019-09-17 02:07:57
Initalize Payment
Asegúrese de que los datos de su tarjeta se hayan ingresado correctamente y que su navegador admita JavaScript.
Start: 2019-09-17 02:16:45
Initalize Payment
Asegúrese de que los datos de su tarjeta se hayan ingresado correctamente y que su navegador admita JavaScript.
Start: 2019-09-17 02:16:52
Initalize Payment
Asegúrese de que los datos de su tarjeta se hayan ingresado correctamente y que su navegador admita JavaScript.
Start: 2019-09-17 02:16:59
Initalize Payment
Asegúrese de que los datos de su tarjeta se hayan ingresado correctamente y que su navegador admita JavaScript.
Start: 2019-09-17 02:17:07
Initalize Payment
Asegúrese de que los datos de su tarjeta se hayan ingresado correctamente y que su navegador admita JavaScript.
Start: 2019-09-17 02:17:13
Initalize Payment
Asegúrese de que los datos de su tarjeta se hayan ingresado correctamente y que su navegador admita JavaScript.
Start: 2019-09-17 02:17:19
Initalize Payment
Asegúrese de que los datos de su tarjeta se hayan ingresado correctamente y que su navegador admita JavaScript.
Start: 2019-09-17 02:17:25
Initalize Payment
Asegúrese de que los datos de su tarjeta se hayan ingresado correctamente y que su navegador admita JavaScript.
Start: 2019-09-17 02:17:32
Initalize Payment
Asegúrese de que los datos de su tarjeta se hayan ingresado correctamente y que su navegador admita JavaScript.
Start: 2019-09-17 02:17:38
Initalize Payment
Asegúrese de que los datos de su tarjeta se hayan ingresado correctamente y que su navegador admita JavaScript.
Start: 2019-09-17 02:17:44
Initalize Payment
Asegúrese de que los datos de su tarjeta se hayan ingresado correctamente y que su navegador admita JavaScript.
Start: 2019-09-17 02:18:06
Initalize Payment
Asegúrese de que los datos de su tarjeta se hayan ingresado correctamente y que su navegador admita JavaScript.
Start: 2019-09-17 02:18:12
Initalize Payment
Asegúrese de que los datos de su tarjeta se hayan ingresado correctamente y que su navegador admita JavaScript.
Start: 2019-09-17 02:18:18
Initalize Payment
Asegúrese de que los datos de su tarjeta se hayan ingresado correctamente y que su navegador admita JavaScript.
Start: 2019-09-17 02:18:24
Initalize Payment
Asegúrese de que los datos de su tarjeta se hayan ingresado correctamente y que su navegador admita JavaScript.
Start: 2019-09-17 02:18:30
Initalize Payment
Asegúrese de que los datos de su tarjeta se hayan ingresado correctamente y que su navegador admita JavaScript.
Start: 2019-09-17 02:18:36
Initalize Payment
Asegúrese de que los datos de su tarjeta se hayan ingresado correctamente y que su navegador admita JavaScript.
Start: 2019-09-17 02:18:42
Initalize Payment
Asegúrese de que los datos de su tarjeta se hayan ingresado correctamente y que su navegador admita JavaScript.
Start: 2019-09-17 02:18:48
Initalize Payment
Asegúrese de que los datos de su tarjeta se hayan ingresado correctamente y que su navegador admita JavaScript.
Start: 2019-09-17 02:18:54
Initalize Payment
Asegúrese de que los datos de su tarjeta se hayan ingresado correctamente y que su navegador admita JavaScript.
Start: 2019-09-17 02:19:00
Initalize Payment
Asegúrese de que los datos de su tarjeta se hayan ingresado correctamente y que su navegador admita JavaScript.
Start: 2019-09-17 02:19:13
Initalize Payment
Asegúrese de que los datos de su tarjeta se hayan ingresado correctamente y que su navegador admita JavaScript.
Start: 2019-09-17 02:19:23
Initalize Payment
Asegúrese de que los datos de su tarjeta se hayan ingresado correctamente y que su navegador admita JavaScript.
Start: 2019-09-17 02:19:30
Initalize Payment
Asegúrese de que los datos de su tarjeta se hayan ingresado correctamente y que su navegador admita JavaScript.
Start: 2019-09-17 02:19:37
Initalize Payment
Asegúrese de que los datos de su tarjeta se hayan ingresado correctamente y que su navegador admita JavaScript.
Start: 2019-09-17 02:19:44
Initalize Payment
Asegúrese de que los datos de su tarjeta se hayan ingresado correctamente y que su navegador admita JavaScript.
Start: 2019-09-17 02:19:51
Initalize Payment
Asegúrese de que los datos de su tarjeta se hayan ingresado correctamente y que su navegador admita JavaScript.
Start: 2019-09-17 02:19:59
Initalize Payment
Asegúrese de que los datos de su tarjeta se hayan ingresado correctamente y que su navegador admita JavaScript.
Start: 2019-09-17 02:20:07
Initalize Payment
Asegúrese de que los datos de su tarjeta se hayan ingresado correctamente y que su navegador admita JavaScript.
Start: 2019-09-17 02:20:18
Initalize Payment
Asegúrese de que los datos de su tarjeta se hayan ingresado correctamente y que su navegador admita JavaScript.
Start: 2019-09-17 02:20:29
Initalize Payment
Asegúrese de que los datos de su tarjeta se hayan ingresado correctamente y que su navegador admita JavaScript.
Start: 2019-09-17 02:20:39
Initalize Payment
Asegúrese de que los datos de su tarjeta se hayan ingresado correctamente y que su navegador admita JavaScript.
Start: 2019-09-17 02:20:49
Initalize Payment
Asegúrese de que los datos de su tarjeta se hayan ingresado correctamente y que su navegador admita JavaScript.
Start: 2019-09-17 02:20:59
Initalize Payment
Asegúrese de que los datos de su tarjeta se hayan ingresado correctamente y que su navegador admita JavaScript.
Start: 2019-09-17 02:21:09
Initalize Payment
Asegúrese de que los datos de su tarjeta se hayan ingresado correctamente y que su navegador admita JavaScript.
Start: 2019-09-17 02:23:17
Initalize Payment
Donor added
Updated Payment history
Added payment log
Payment processing with 3D secure. redirect
Payment has been failed
hook update_payment_history after 3d secure processed
hook update_payment_log after 3d secure processed
Sent payment_failure mail
End: 2019-09-17 02:23:24
Start: 2019-09-17 02:27:06
Initalize Payment
Donor added
Updated Payment history
Added payment log
Payment processing with 3D secure. redirect
Payment has been failed
hook update_payment_history after 3d secure processed
hook update_payment_log after 3d secure processed
Sent payment_failure mail
End: 2019-09-17 02:27:11
Start: 2019-09-17 02:31:11
Initalize Payment
Donor added
Updated Payment history
Added payment log
Payment processing with 3D secure. redirect
Payment has been failed
hook update_payment_history after 3d secure processed
hook update_payment_log after 3d secure processed
Sent payment_failure mail
End: 2019-09-17 02:31:16
Start: 2019-09-17 02:31:32
Initalize Payment
Donor added
Updated Payment history
Added payment log
Payment processing with 3D secure. redirect
Payment has been failed
hook update_payment_history after 3d secure processed
hook update_payment_log after 3d secure processed
Sent payment_failure mail
End: 2019-09-17 02:31:37
Start: 2019-09-17 02:31:56
Initalize Payment
Donor added
Updated Payment history
Added payment log
Payment processing with 3D secure. redirect
Payment has been failed
hook update_payment_history after 3d secure processed
hook update_payment_log after 3d secure processed
Sent payment_failure mail
End: 2019-09-17 02:32:00
Start: 2019-09-17 02:32:22
Initalize Payment
Donor added
Updated Payment history
Added payment log
Payment processing with 3D secure. redirect
Payment has been failed
hook update_payment_history after 3d secure processed
hook update_payment_log after 3d secure processed
Sent payment_failure mail
End: 2019-09-17 02:32:26
Start: 2019-09-17 02:39:04
Initalize Payment
Asegúrese de que los datos de su tarjeta se hayan ingresado correctamente y que su navegador admita JavaScript.
Start: 2019-09-17 02:39:13
Initalize Payment
Asegúrese de que los datos de su tarjeta se hayan ingresado correctamente y que su navegador admita JavaScript.
Start: 2019-09-17 02:39:19
Initalize Payment
Asegúrese de que los datos de su tarjeta se hayan ingresado correctamente y que su navegador admita JavaScript.
Start: 2019-09-17 02:39:26
Initalize Payment
Asegúrese de que los datos de su tarjeta se hayan ingresado correctamente y que su navegador admita JavaScript.
Start: 2019-09-17 02:39:32
Initalize Payment
Asegúrese de que los datos de su tarjeta se hayan ingresado correctamente y que su navegador admita JavaScript.
