Start: 2021-11-17 21:51:04
Initalize Payment
Donor added
Updated Payment history
Added payment log
Payment processing with 3D secure. redirect
Payment has been failed
hook update_payment_history after 3d secure processed
hook update_payment_log after 3d secure processed
Sent payment_failure mail
End: 2021-11-17 21:52:32

Start: 2021-11-17 21:57:31
Initalize Payment
Donor added
Updated Payment history
Added payment log
Payment processing with 3D secure. redirect
Payment has been failed
hook update_payment_history after 3d secure processed
hook update_payment_log after 3d secure processed
Sent payment_failure mail
End: 2021-11-17 21:57:43

Start: 2021-11-17 21:58:33
Initalize Payment
Donor added
Updated Payment history
Added payment log
Payment processing with 3D secure. redirect
Payment has been successfully made
hook update_payment_history after 3d secure processed
hook update_payment_log after 3d secure processed
Sent payment_success mail
End: 2021-11-17 21:59:03
