Start: 2023-05-14 16:42:40
Initalize Payment
Donor added
Updated Payment history
Added payment log
Payment processing with 3D secure. redirect
Payment has been successfully made
hook update_payment_history after 3d secure processed
hook update_payment_log after 3d secure processed
Sent payment_success mail
End: 2023-05-14 16:42:44
Start: 2023-05-14 16:44:10
Initalize Payment
Donor added
Start: 2023-05-14 16:50:16
Initalize Payment
Donor added
Updated Payment history
Added payment log
Payment processing with 3D secure. redirect
Payment has been successfully made
hook update_payment_history after 3d secure processed
hook update_payment_log after 3d secure processed
Sent payment_success mail
End: 2023-05-14 16:50:20
Start: 2023-05-14 16:51:54
Initalize Payment
Donor added
Start: 2023-05-14 16:53:23
Initalize Payment
Donor added
Updated Payment history
Added payment log
Payment processing with 3D secure. redirect
Payment has been successfully made
hook update_payment_history after 3d secure processed
hook update_payment_log after 3d secure processed
Sent payment_success mail
End: 2023-05-14 16:53:28
Start: 2023-05-14 16:54:55
Initalize Payment
Donor added
