Start: 2022-11-30 07:58:53
Initalize Payment
Donor added
Openpay request is failed due to:3001
La tarjeta fue rechazada.
Start: 2022-11-30 08:00:23
Initalize Payment
Donor added
Openpay request is failed due to:3001
La tarjeta fue rechazada.
Start: 2022-11-30 08:14:46
Initalize Payment
Donor added
Openpay request is failed due to:3001
La tarjeta fue rechazada.
Start: 2022-11-30 08:15:26
Initalize Payment
Donor added
Openpay request is failed due to:3001
La tarjeta fue rechazada.
Start: 2022-11-30 08:15:41
Initalize Payment
Asegúrese de que los datos de su tarjeta se hayan ingresado correctamente y que su navegador admita JavaScript.
Start: 2022-11-30 08:16:08
Initalize Payment
Donor added
Openpay request is failed due to:3001
La tarjeta fue rechazada.
Start: 2022-11-30 08:16:35
Initalize Payment
Donor added
Openpay request is failed due to:3001
La tarjeta fue rechazada.
Start: 2022-11-30 08:16:58
Initalize Payment
Donor added
Openpay request is failed due to:3001
La tarjeta fue rechazada.
Start: 2022-11-30 08:17:18
Initalize Payment
Donor added
Openpay request is failed due to:3001
La tarjeta fue rechazada.
Start: 2022-11-30 08:17:34
Initalize Payment
Donor added
Openpay request is failed due to:3001
La tarjeta fue rechazada.
Start: 2022-11-30 08:17:50
Initalize Payment
Donor added
Openpay request is failed due to:3001
La tarjeta fue rechazada.
Start: 2022-11-30 08:18:09
Initalize Payment
Donor added
Openpay request is failed due to:3001
La tarjeta fue rechazada.
Start: 2022-11-30 08:18:24
Initalize Payment
Donor added
Openpay request is failed due to:3001
La tarjeta fue rechazada.
Start: 2022-11-30 08:18:36
Initalize Payment
Donor added
Openpay request is failed due to:3001
La tarjeta fue rechazada.
Start: 2022-11-30 08:18:53
Initalize Payment
Donor added
Openpay request is failed due to:3001
La tarjeta fue rechazada.
Start: 2022-11-30 08:19:09
Initalize Payment
Donor added
Openpay request is failed due to:3001
La tarjeta fue rechazada.
Start: 2022-11-30 08:19:30
Initalize Payment
Donor added
Openpay request is failed due to:3001
La tarjeta fue rechazada.
Start: 2022-11-30 08:19:44
Initalize Payment
Donor added
Openpay request is failed due to:3001
La tarjeta fue rechazada.
Start: 2022-11-30 08:20:15
Initalize Payment
Donor added
Openpay request is failed due to:3001
La tarjeta fue rechazada.
Start: 2022-11-30 08:20:33
Initalize Payment
Donor added
Openpay request is failed due to:3001
La tarjeta fue rechazada.
Start: 2022-11-30 08:20:50
Initalize Payment
Donor added
Openpay request is failed due to:3001
La tarjeta fue rechazada.
Start: 2022-11-30 08:21:06
Initalize Payment
Donor added
Openpay request is failed due to:3001
La tarjeta fue rechazada.
Start: 2022-11-30 08:21:15
Initalize Payment
Donor added
Openpay request is failed due to:3001
La tarjeta fue rechazada.
Start: 2022-11-30 08:21:31
Initalize Payment
Donor added
Openpay request is failed due to:3001
La tarjeta fue rechazada.
Start: 2022-11-30 08:21:55
Initalize Payment
Donor added
Openpay request is failed due to:3001
La tarjeta fue rechazada.
Start: 2022-11-30 08:22:07
Initalize Payment
Donor added
Openpay request is failed due to:3001
La tarjeta fue rechazada.
Start: 2022-11-30 08:22:18
Initalize Payment
Donor added
Openpay request is failed due to:3001
La tarjeta fue rechazada.
Start: 2022-11-30 08:22:34
Initalize Payment
Donor added
Openpay request is failed due to:3001
La tarjeta fue rechazada.
Start: 2022-11-30 08:22:47
Initalize Payment
Donor added
Openpay request is failed due to:3001
La tarjeta fue rechazada.
Start: 2022-11-30 08:23:00
Initalize Payment
Donor added
Openpay request is failed due to:3001
La tarjeta fue rechazada.
Start: 2022-11-30 08:23:18
Initalize Payment
Donor added
Openpay request is failed due to:3001
La tarjeta fue rechazada.
Start: 2022-11-30 08:23:34
Initalize Payment
Donor added
Openpay request is failed due to:3001
La tarjeta fue rechazada.
Start: 2022-11-30 08:23:49
Initalize Payment
Donor added
Openpay request is failed due to:3001
La tarjeta fue rechazada.
Start: 2022-11-30 08:24:15
Initalize Payment
Donor added
Openpay request is failed due to:3001
La tarjeta fue rechazada.
Start: 2022-11-30 08:24:42
Initalize Payment
Donor added
Openpay request is failed due to:3001
La tarjeta fue rechazada.
Start: 2022-11-30 08:25:02
Initalize Payment
Donor added
Openpay request is failed due to:3001
La tarjeta fue rechazada.
Start: 2022-11-30 08:25:19
Initalize Payment
Donor added
Openpay request is failed due to:3001
La tarjeta fue rechazada.
Start: 2022-11-30 08:25:57
Initalize Payment
Donor added
Openpay request is failed due to:3001
La tarjeta fue rechazada.
Start: 2022-11-30 08:26:15
Initalize Payment
Donor added
Openpay request is failed due to:3001
La tarjeta fue rechazada.
Start: 2022-11-30 08:26:40
Initalize Payment
Donor added
Openpay request is failed due to:3001
La tarjeta fue rechazada.
Start: 2022-11-30 08:26:58
Initalize Payment
Donor added
Openpay request is failed due to:3001
La tarjeta fue rechazada.
Start: 2022-11-30 08:27:16
Initalize Payment
Donor added
Openpay request is failed due to:3001
La tarjeta fue rechazada.
Start: 2022-11-30 08:28:08
Initalize Payment
Donor added
Openpay request is failed due to:3001
La tarjeta fue rechazada.
Start: 2022-11-30 08:28:25
Initalize Payment
Donor added
Openpay request is failed due to:3001
La tarjeta fue rechazada.
Start: 2022-11-30 08:28:46
Initalize Payment
Donor added
Openpay request is failed due to:3001
La tarjeta fue rechazada.
Start: 2022-11-30 08:29:00
Initalize Payment
Donor added
Openpay request is failed due to:3001
La tarjeta fue rechazada.
Start: 2022-11-30 08:29:16
Initalize Payment
Donor added
Openpay request is failed due to:3001
La tarjeta fue rechazada.
Start: 2022-11-30 08:29:38
Initalize Payment
Donor added
Openpay request is failed due to:3001
La tarjeta fue rechazada.
Start: 2022-11-30 08:29:50
Initalize Payment
Donor added
Openpay request is failed due to:3001
La tarjeta fue rechazada.
Start: 2022-11-30 08:30:11
Initalize Payment
Donor added
Openpay request is failed due to:3001
La tarjeta fue rechazada.
Start: 2022-11-30 08:30:29
Initalize Payment
Donor added
Openpay request is failed due to:3001
La tarjeta fue rechazada.
Start: 2022-11-30 08:30:45
Initalize Payment
Donor added
Openpay request is failed due to:3001
La tarjeta fue rechazada.
Start: 2022-11-30 08:31:13
Initalize Payment
Donor added
Openpay request is failed due to:3001
La tarjeta fue rechazada.
Start: 2022-11-30 08:31:34
Initalize Payment
Donor added
Openpay request is failed due to:3001
La tarjeta fue rechazada.
Start: 2022-11-30 08:31:51
Initalize Payment
Donor added
Openpay request is failed due to:3001
La tarjeta fue rechazada.
Start: 2022-11-30 08:32:07
Initalize Payment
Donor added
Openpay request is failed due to:3001
La tarjeta fue rechazada.
