Límite de pago excedido a,300\',(\")((,((
Límite de pago excedido a,300\',(\")((,((
Límite de pago excedido a,300\',(\")((,((
Límite de pago excedido a,300\',(\")((,((
Límite de pago excedido a,300\',(\")((,((
Límite de pago excedido a,300\'aKHotd<\'\">aOYupM
Límite de pago excedido a,300\'aKHotd<\'\">aOYupM
Límite de pago excedido a,300\'aKHotd<\'\">aOYupM
Límite de pago excedido a,300\'aKHotd<\'\">aOYupM
Límite de pago excedido a,300\'aKHotd<\'\">aOYupM
Límite de pago excedido a,300) AND 7871=2123-- ecDH
Límite de pago excedido a,300) AND 7871=2123-- ecDH
Límite de pago excedido a,300) AND 7871=2123-- ecDH
Límite de pago excedido a,300) AND 7871=2123-- ecDH
Límite de pago excedido a,300) AND 7871=2123-- ecDH
Límite de pago excedido a,300) AND 7693=9038 AND (2282=2282
Límite de pago excedido a,300) AND 7693=9038 AND (2282=2282
Límite de pago excedido a,300) AND 7693=9038 AND (2282=2282
Límite de pago excedido a,300) AND 7693=9038 AND (2282=2282
Límite de pago excedido a,300) AND 7693=9038 AND (2282=2282
Límite de pago excedido a,300)) AND 7082=2691 AND ((9829=9829
Límite de pago excedido a,300)) AND 7082=2691 AND ((9829=9829
Límite de pago excedido a,300)) AND 7082=2691 AND ((9829=9829
Límite de pago excedido a,300)) AND 7082=2691 AND ((9829=9829
Límite de pago excedido a,300)) AND 7082=2691 AND ((9829=9829
Límite de pago excedido a,300))) AND 3738=4060 AND (((2784=2784
Límite de pago excedido a,300))) AND 3738=4060 AND (((2784=2784
Límite de pago excedido a,300))) AND 3738=4060 AND (((2784=2784
Límite de pago excedido a,300))) AND 3738=4060 AND (((2784=2784
Límite de pago excedido a,300))) AND 3738=4060 AND (((2784=2784
Límite de pago excedido a,300 AND 2445=6123
Límite de pago excedido a,300 AND 2445=6123
Límite de pago excedido a,300 AND 2445=6123
Límite de pago excedido a,300 AND 2445=6123
Límite de pago excedido a,300 AND 2445=6123
Límite de pago excedido a,300 AND 9501=2605-- lWvO
Límite de pago excedido a,300 AND 9501=2605-- lWvO
Límite de pago excedido a,300 AND 9501=2605-- lWvO
Límite de pago excedido a,300 AND 9501=2605-- lWvO
Límite de pago excedido a,300 AND 9501=2605-- lWvO
Límite de pago excedido a,300 AND 8698=4491# mShu
Límite de pago excedido a,300 AND 8698=4491# mShu
Límite de pago excedido a,300 AND 8698=4491# mShu
Límite de pago excedido a,300 AND 8698=4491# mShu
Límite de pago excedido a,300 AND 8698=4491# mShu
Límite de pago excedido a,300) WHERE 8660=8660 AND 7356=7983-- zBOp
Límite de pago excedido a,300) WHERE 8660=8660 AND 7356=7983-- zBOp
Límite de pago excedido a,300) WHERE 8660=8660 AND 7356=7983-- zBOp
Límite de pago excedido a,300) WHERE 8660=8660 AND 7356=7983-- zBOp
Límite de pago excedido a,300) WHERE 8660=8660 AND 7356=7983-- zBOp
Límite de pago excedido a,300 WHERE 8244=8244 AND 9538=7239-- FHTj
Límite de pago excedido a,300 WHERE 8244=8244 AND 9538=7239-- FHTj
Límite de pago excedido a,300 WHERE 8244=8244 AND 9538=7239-- FHTj
Límite de pago excedido a,300 WHERE 8244=8244 AND 9538=7239-- FHTj
Límite de pago excedido a,300 WHERE 8244=8244 AND 9538=7239-- FHTj
Límite de pago excedido a,300+(SELECT xXBp WHERE 4590=4590 AND 7862=6050)+
Límite de pago excedido a,300+(SELECT xXBp WHERE 4590=4590 AND 7862=6050)+
Límite de pago excedido a,300+(SELECT xXBp WHERE 4590=4590 AND 7862=6050)+
Límite de pago excedido a,300+(SELECT xXBp WHERE 4590=4590 AND 7862=6050)+
Límite de pago excedido a,300+(SELECT xXBp WHERE 4590=4590 AND 7862=6050)+
Límite de pago excedido a,300)) AS lNOi WHERE 6283=6283 AND 1747=3906-- tStF
Límite de pago excedido a,300)) AS lNOi WHERE 6283=6283 AND 1747=3906-- tStF
Límite de pago excedido a,300)) AS lNOi WHERE 6283=6283 AND 1747=3906-- tStF
Límite de pago excedido a,300)) AS lNOi WHERE 6283=6283 AND 1747=3906-- tStF
Límite de pago excedido a,300)) AS lNOi WHERE 6283=6283 AND 1747=3906-- tStF
Límite de pago excedido a,300) AS vRMy WHERE 3491=3491 AND 2527=7466-- YuxK
Límite de pago excedido a,300) AS vRMy WHERE 3491=3491 AND 2527=7466-- YuxK
Límite de pago excedido a,300) AS vRMy WHERE 3491=3491 AND 2527=7466-- YuxK
Límite de pago excedido a,300) AS vRMy WHERE 3491=3491 AND 2527=7466-- YuxK
Límite de pago excedido a,300) AS vRMy WHERE 3491=3491 AND 2527=7466-- YuxK
Límite de pago excedido a,300` WHERE 8826=8826 AND 9862=1817-- eBVK
Límite de pago excedido a,300` WHERE 8826=8826 AND 9862=1817-- eBVK
Límite de pago excedido a,300` WHERE 8826=8826 AND 9862=1817-- eBVK
Límite de pago excedido a,300` WHERE 8826=8826 AND 9862=1817-- eBVK
Límite de pago excedido a,300` WHERE 8826=8826 AND 9862=1817-- eBVK
Límite de pago excedido a,300`) WHERE 6349=6349 AND 4014=8585-- iIoj
Límite de pago excedido a,300`) WHERE 6349=6349 AND 4014=8585-- iIoj
Límite de pago excedido a,300`) WHERE 6349=6349 AND 4014=8585-- iIoj
Límite de pago excedido a,300`) WHERE 6349=6349 AND 4014=8585-- iIoj
Límite de pago excedido a,300`) WHERE 6349=6349 AND 4014=8585-- iIoj
Límite de pago excedido a,300`=`300` AND 3696=9564 AND `300`=`300
Límite de pago excedido a,300`=`300` AND 3696=9564 AND `300`=`300
Límite de pago excedido a,300`=`300` AND 3696=9564 AND `300`=`300
Límite de pago excedido a,300`=`300` AND 3696=9564 AND `300`=`300
Límite de pago excedido a,300`=`300` AND 3696=9564 AND `300`=`300
Límite de pago excedido a,300]-(SELECT 0 WHERE 8639=8639 AND 6486=2191)|[300
Límite de pago excedido a,300]-(SELECT 0 WHERE 8639=8639 AND 6486=2191)|[300
Límite de pago excedido a,300]-(SELECT 0 WHERE 8639=8639 AND 6486=2191)|[300
Límite de pago excedido a,300]-(SELECT 0 WHERE 8639=8639 AND 6486=2191)|[300
Límite de pago excedido a,300]-(SELECT 0 WHERE 8639=8639 AND 6486=2191)|[300
Límite de pago excedido a,300\') AND 1692=4431-- Rmte
Límite de pago excedido a,300\') AND 1692=4431-- Rmte
Límite de pago excedido a,300\') AND 1692=4431-- Rmte
Límite de pago excedido a,300\') AND 1692=4431-- Rmte
Límite de pago excedido a,300\') AND 1692=4431-- Rmte
Límite de pago excedido a,300\' AND 5857=9185-- IPEi
Límite de pago excedido a,300\' AND 5857=9185-- IPEi
Límite de pago excedido a,300\' AND 5857=9185-- IPEi
Límite de pago excedido a,300\' AND 5857=9185-- IPEi
Límite de pago excedido a,300\' AND 5857=9185-- IPEi
Límite de pago excedido a,300\" AND 9283=3760-- NKHF
Límite de pago excedido a,300\" AND 9283=3760-- NKHF
Límite de pago excedido a,300\" AND 9283=3760-- NKHF
Límite de pago excedido a,300\" AND 9283=3760-- NKHF
Límite de pago excedido a,300\" AND 9283=3760-- NKHF
Límite de pago excedido a,300\') AND 1776=9898 AND (\'aKhD\'=\'aKhD
Límite de pago excedido a,300\') AND 1776=9898 AND (\'aKhD\'=\'aKhD
Límite de pago excedido a,300\') AND 1776=9898 AND (\'aKhD\'=\'aKhD
Límite de pago excedido a,300\') AND 1776=9898 AND (\'aKhD\'=\'aKhD
Límite de pago excedido a,300\') AND 1776=9898 AND (\'aKhD\'=\'aKhD
Límite de pago excedido a,300\')) AND 4185=9066 AND ((\'rsxQ\'=\'rsxQ
Límite de pago excedido a,300\')) AND 4185=9066 AND ((\'rsxQ\'=\'rsxQ
Límite de pago excedido a,300\')) AND 4185=9066 AND ((\'rsxQ\'=\'rsxQ
Límite de pago excedido a,300\')) AND 4185=9066 AND ((\'rsxQ\'=\'rsxQ
Límite de pago excedido a,300\')) AND 4185=9066 AND ((\'rsxQ\'=\'rsxQ
Límite de pago excedido a,300\'))) AND 3857=7954 AND (((\'PBKv\'=\'PBKv
Límite de pago excedido a,300\'))) AND 3857=7954 AND (((\'PBKv\'=\'PBKv
Límite de pago excedido a,300\'))) AND 3857=7954 AND (((\'PBKv\'=\'PBKv
Límite de pago excedido a,300\'))) AND 3857=7954 AND (((\'PBKv\'=\'PBKv
Límite de pago excedido a,300\'))) AND 3857=7954 AND (((\'PBKv\'=\'PBKv
Límite de pago excedido a,300\' AND 3990=2006 AND \'Pkro\'=\'Pkro
Límite de pago excedido a,300\' AND 3990=2006 AND \'Pkro\'=\'Pkro
Límite de pago excedido a,300\' AND 3990=2006 AND \'Pkro\'=\'Pkro
Límite de pago excedido a,300\' AND 3990=2006 AND \'Pkro\'=\'Pkro
Límite de pago excedido a,300\' AND 3990=2006 AND \'Pkro\'=\'Pkro
Límite de pago excedido a,300\') AND 7704=7243 AND (\'IJPU\' LIKE \'IJPU
Límite de pago excedido a,300\') AND 7704=7243 AND (\'IJPU\' LIKE \'IJPU
Límite de pago excedido a,300\') AND 7704=7243 AND (\'IJPU\' LIKE \'IJPU
Límite de pago excedido a,300\') AND 7704=7243 AND (\'IJPU\' LIKE \'IJPU
Límite de pago excedido a,300\') AND 7704=7243 AND (\'IJPU\' LIKE \'IJPU
Límite de pago excedido a,300\')) AND 9809=9169 AND ((\'rPuA\' LIKE \'rPuA
Límite de pago excedido a,300\')) AND 9809=9169 AND ((\'rPuA\' LIKE \'rPuA
Límite de pago excedido a,300\')) AND 9809=9169 AND ((\'rPuA\' LIKE \'rPuA
Límite de pago excedido a,300\')) AND 9809=9169 AND ((\'rPuA\' LIKE \'rPuA
Límite de pago excedido a,300\')) AND 9809=9169 AND ((\'rPuA\' LIKE \'rPuA
Límite de pago excedido a,300\'))) AND 1553=7835 AND (((\'uNaL\' LIKE \'uNaL
Límite de pago excedido a,300\'))) AND 1553=7835 AND (((\'uNaL\' LIKE \'uNaL
Límite de pago excedido a,300\'))) AND 1553=7835 AND (((\'uNaL\' LIKE \'uNaL
Límite de pago excedido a,300\'))) AND 1553=7835 AND (((\'uNaL\' LIKE \'uNaL
Límite de pago excedido a,300\'))) AND 1553=7835 AND (((\'uNaL\' LIKE \'uNaL
Límite de pago excedido a,300%\' AND 7769=1401 AND \'vrKY%\'=\'vrKY
Límite de pago excedido a,300%\' AND 7769=1401 AND \'vrKY%\'=\'vrKY
Límite de pago excedido a,300%\' AND 7769=1401 AND \'vrKY%\'=\'vrKY
Límite de pago excedido a,300%\' AND 7769=1401 AND \'vrKY%\'=\'vrKY
Límite de pago excedido a,300%\' AND 7769=1401 AND \'vrKY%\'=\'vrKY
Límite de pago excedido a,300\' AND 5422=1757 AND \'WQik\' LIKE \'WQik
Límite de pago excedido a,300\' AND 5422=1757 AND \'WQik\' LIKE \'WQik
Límite de pago excedido a,300\' AND 5422=1757 AND \'WQik\' LIKE \'WQik
Límite de pago excedido a,300\' AND 5422=1757 AND \'WQik\' LIKE \'WQik
Límite de pago excedido a,300\' AND 5422=1757 AND \'WQik\' LIKE \'WQik
Límite de pago excedido a,300\") AND 9108=3541 AND (\"ZnZN\"=\"ZnZN
Límite de pago excedido a,300\") AND 9108=3541 AND (\"ZnZN\"=\"ZnZN
Límite de pago excedido a,300\") AND 9108=3541 AND (\"ZnZN\"=\"ZnZN
Límite de pago excedido a,300\") AND 9108=3541 AND (\"ZnZN\"=\"ZnZN
Límite de pago excedido a,300\") AND 9108=3541 AND (\"ZnZN\"=\"ZnZN
Límite de pago excedido a,300\")) AND 2040=6666 AND ((\"LxHM\"=\"LxHM
Límite de pago excedido a,300\")) AND 2040=6666 AND ((\"LxHM\"=\"LxHM
Límite de pago excedido a,300\")) AND 2040=6666 AND ((\"LxHM\"=\"LxHM
Límite de pago excedido a,300\")) AND 2040=6666 AND ((\"LxHM\"=\"LxHM
Límite de pago excedido a,300\")) AND 2040=6666 AND ((\"LxHM\"=\"LxHM
Límite de pago excedido a,300\"))) AND 2612=8045 AND (((\"qsLc\"=\"qsLc
Límite de pago excedido a,300\"))) AND 2612=8045 AND (((\"qsLc\"=\"qsLc
Límite de pago excedido a,300\"))) AND 2612=8045 AND (((\"qsLc\"=\"qsLc
Límite de pago excedido a,300\"))) AND 2612=8045 AND (((\"qsLc\"=\"qsLc
Límite de pago excedido a,300\"))) AND 2612=8045 AND (((\"qsLc\"=\"qsLc
Límite de pago excedido a,300\" AND 9797=4601 AND \"cTnr\"=\"cTnr
Límite de pago excedido a,300\" AND 9797=4601 AND \"cTnr\"=\"cTnr
Límite de pago excedido a,300\" AND 9797=4601 AND \"cTnr\"=\"cTnr
Límite de pago excedido a,300\" AND 9797=4601 AND \"cTnr\"=\"cTnr
Límite de pago excedido a,300\" AND 9797=4601 AND \"cTnr\"=\"cTnr
Límite de pago excedido a,300\") AND 7381=8410 AND (\"BgIa\" LIKE \"BgIa
Límite de pago excedido a,300\") AND 7381=8410 AND (\"BgIa\" LIKE \"BgIa
Límite de pago excedido a,300\") AND 7381=8410 AND (\"BgIa\" LIKE \"BgIa
Límite de pago excedido a,300\") AND 7381=8410 AND (\"BgIa\" LIKE \"BgIa
Límite de pago excedido a,300\") AND 7381=8410 AND (\"BgIa\" LIKE \"BgIa
Límite de pago excedido a,300\")) AND 6045=2487 AND ((\"dejT\" LIKE \"dejT
Límite de pago excedido a,300\")) AND 6045=2487 AND ((\"dejT\" LIKE \"dejT
Límite de pago excedido a,300\")) AND 6045=2487 AND ((\"dejT\" LIKE \"dejT
Límite de pago excedido a,300\")) AND 6045=2487 AND ((\"dejT\" LIKE \"dejT
Límite de pago excedido a,300\")) AND 6045=2487 AND ((\"dejT\" LIKE \"dejT
Límite de pago excedido a,300\"))) AND 7731=8145 AND (((\"bqcZ\" LIKE \"bqcZ
Límite de pago excedido a,300\"))) AND 7731=8145 AND (((\"bqcZ\" LIKE \"bqcZ
Límite de pago excedido a,300\"))) AND 7731=8145 AND (((\"bqcZ\" LIKE \"bqcZ
Límite de pago excedido a,300\"))) AND 7731=8145 AND (((\"bqcZ\" LIKE \"bqcZ
Límite de pago excedido a,300\"))) AND 7731=8145 AND (((\"bqcZ\" LIKE \"bqcZ
Límite de pago excedido a,300\" AND 6379=8617 AND \"mXdj\" LIKE \"mXdj
Límite de pago excedido a,300\" AND 6379=8617 AND \"mXdj\" LIKE \"mXdj
Límite de pago excedido a,300\" AND 6379=8617 AND \"mXdj\" LIKE \"mXdj
Límite de pago excedido a,300\" AND 6379=8617 AND \"mXdj\" LIKE \"mXdj
Límite de pago excedido a,300\" AND 6379=8617 AND \"mXdj\" LIKE \"mXdj
Límite de pago excedido a,300\' AND 5054=8882 OR \'AlNJ\'=\'DPPZ
Límite de pago excedido a,300\' AND 5054=8882 OR \'AlNJ\'=\'DPPZ
Límite de pago excedido a,300\' AND 5054=8882 OR \'AlNJ\'=\'DPPZ
Límite de pago excedido a,300\' AND 5054=8882 OR \'AlNJ\'=\'DPPZ
Límite de pago excedido a,300\' AND 5054=8882 OR \'AlNJ\'=\'DPPZ
Límite de pago excedido a,300\') WHERE 3833=3833 AND 3142=3566-- aNoO
Límite de pago excedido a,300\') WHERE 3833=3833 AND 3142=3566-- aNoO
Límite de pago excedido a,300\') WHERE 3833=3833 AND 3142=3566-- aNoO
Límite de pago excedido a,300\') WHERE 3833=3833 AND 3142=3566-- aNoO
Límite de pago excedido a,300\') WHERE 3833=3833 AND 3142=3566-- aNoO
Límite de pago excedido a,300\") WHERE 2225=2225 AND 2026=1180-- MGME
Límite de pago excedido a,300\") WHERE 2225=2225 AND 2026=1180-- MGME
Límite de pago excedido a,300\") WHERE 2225=2225 AND 2026=1180-- MGME
Límite de pago excedido a,300\") WHERE 2225=2225 AND 2026=1180-- MGME
Límite de pago excedido a,300\") WHERE 2225=2225 AND 2026=1180-- MGME
Límite de pago excedido a,300\' WHERE 3046=3046 AND 3993=8382-- KItb
Límite de pago excedido a,300\' WHERE 3046=3046 AND 3993=8382-- KItb
Límite de pago excedido a,300\' WHERE 3046=3046 AND 3993=8382-- KItb
Límite de pago excedido a,300\' WHERE 3046=3046 AND 3993=8382-- KItb
Límite de pago excedido a,300\' WHERE 3046=3046 AND 3993=8382-- KItb
Límite de pago excedido a,300\" WHERE 1328=1328 AND 4949=5108-- Layr
Límite de pago excedido a,300\" WHERE 1328=1328 AND 4949=5108-- Layr
Límite de pago excedido a,300\" WHERE 1328=1328 AND 4949=5108-- Layr
Límite de pago excedido a,300\" WHERE 1328=1328 AND 4949=5108-- Layr
Límite de pago excedido a,300\" WHERE 1328=1328 AND 4949=5108-- Layr
Límite de pago excedido a,300\'||(SELECT hCaO WHERE 3818=3818 AND 7398=3122)||\'
Límite de pago excedido a,300\'||(SELECT hCaO WHERE 3818=3818 AND 7398=3122)||\'
Límite de pago excedido a,300\'||(SELECT hCaO WHERE 3818=3818 AND 7398=3122)||\'
Límite de pago excedido a,300\'||(SELECT hCaO WHERE 3818=3818 AND 7398=3122)||\'
Límite de pago excedido a,300\'||(SELECT hCaO WHERE 3818=3818 AND 7398=3122)||\'
Límite de pago excedido a,300\'||(SELECT XRip FROM DUAL WHERE 5553=5553 AND 3003=8502)||\'
Límite de pago excedido a,300\'||(SELECT XRip FROM DUAL WHERE 5553=5553 AND 3003=8502)||\'
Límite de pago excedido a,300\'||(SELECT XRip FROM DUAL WHERE 5553=5553 AND 3003=8502)||\'
Límite de pago excedido a,300\'||(SELECT XRip FROM DUAL WHERE 5553=5553 AND 3003=8502)||\'
Límite de pago excedido a,300\'||(SELECT XRip FROM DUAL WHERE 5553=5553 AND 3003=8502)||\'
Límite de pago excedido a,300\'+(SELECT ZwKL WHERE 1686=1686 AND 7803=7476)+\'
Límite de pago excedido a,300\'+(SELECT ZwKL WHERE 1686=1686 AND 7803=7476)+\'
Límite de pago excedido a,300\'+(SELECT ZwKL WHERE 1686=1686 AND 7803=7476)+\'
Límite de pago excedido a,300\'+(SELECT ZwKL WHERE 1686=1686 AND 7803=7476)+\'
Límite de pago excedido a,300\'+(SELECT ZwKL WHERE 1686=1686 AND 7803=7476)+\'
Límite de pago excedido a,300||(SELECT ujmN FROM DUAL WHERE 1111=1111 AND 3058=1069)||
Límite de pago excedido a,300||(SELECT ujmN FROM DUAL WHERE 1111=1111 AND 3058=1069)||
Límite de pago excedido a,300||(SELECT ujmN FROM DUAL WHERE 1111=1111 AND 3058=1069)||
Límite de pago excedido a,300||(SELECT ujmN FROM DUAL WHERE 1111=1111 AND 3058=1069)||
Límite de pago excedido a,300||(SELECT ujmN FROM DUAL WHERE 1111=1111 AND 3058=1069)||
Límite de pago excedido a,300||(SELECT pACv WHERE 2564=2564 AND 1547=4778)||
Límite de pago excedido a,300||(SELECT pACv WHERE 2564=2564 AND 1547=4778)||
Límite de pago excedido a,300||(SELECT pACv WHERE 2564=2564 AND 1547=4778)||
Límite de pago excedido a,300||(SELECT pACv WHERE 2564=2564 AND 1547=4778)||
Límite de pago excedido a,300||(SELECT pACv WHERE 2564=2564 AND 1547=4778)||
Límite de pago excedido a,300\')) AS qgGz WHERE 3944=3944 AND 5506=7918-- pagy
Límite de pago excedido a,300\')) AS qgGz WHERE 3944=3944 AND 5506=7918-- pagy
Límite de pago excedido a,300\')) AS qgGz WHERE 3944=3944 AND 5506=7918-- pagy
Límite de pago excedido a,300\')) AS qgGz WHERE 3944=3944 AND 5506=7918-- pagy
Límite de pago excedido a,300\')) AS qgGz WHERE 3944=3944 AND 5506=7918-- pagy
Límite de pago excedido a,300\")) AS mzng WHERE 2017=2017 AND 1185=9272-- XfVm
Límite de pago excedido a,300\")) AS mzng WHERE 2017=2017 AND 1185=9272-- XfVm
Límite de pago excedido a,300\")) AS mzng WHERE 2017=2017 AND 1185=9272-- XfVm
Límite de pago excedido a,300\")) AS mzng WHERE 2017=2017 AND 1185=9272-- XfVm
Límite de pago excedido a,300\")) AS mzng WHERE 2017=2017 AND 1185=9272-- XfVm
Límite de pago excedido a,300\') AS kNew WHERE 8453=8453 AND 8801=9816-- LSMF
Límite de pago excedido a,300\') AS kNew WHERE 8453=8453 AND 8801=9816-- LSMF
Límite de pago excedido a,300\') AS kNew WHERE 8453=8453 AND 8801=9816-- LSMF
Límite de pago excedido a,300\') AS kNew WHERE 8453=8453 AND 8801=9816-- LSMF
Límite de pago excedido a,300\') AS kNew WHERE 8453=8453 AND 8801=9816-- LSMF
Límite de pago excedido a,300\") AS HdXA WHERE 6889=6889 AND 1676=1763-- vMJX
Límite de pago excedido a,300\") AS HdXA WHERE 6889=6889 AND 1676=1763-- vMJX
Límite de pago excedido a,300\") AS HdXA WHERE 6889=6889 AND 1676=1763-- vMJX
Límite de pago excedido a,300\") AS HdXA WHERE 6889=6889 AND 1676=1763-- vMJX
Límite de pago excedido a,300\") AS HdXA WHERE 6889=6889 AND 1676=1763-- vMJX
Límite de pago excedido a,300\"=\"300\" AND 9883=7814 AND \"300\"=\"300
Límite de pago excedido a,300\"=\"300\" AND 9883=7814 AND \"300\"=\"300
Límite de pago excedido a,300\"=\"300\" AND 9883=7814 AND \"300\"=\"300
Límite de pago excedido a,300\"=\"300\" AND 9883=7814 AND \"300\"=\"300
Límite de pago excedido a,300\"=\"300\" AND 9883=7814 AND \"300\"=\"300
Límite de pago excedido a,300\' IN BOOLEAN MODE) AND 9361=6146#
Límite de pago excedido a,300\' IN BOOLEAN MODE) AND 9361=6146#
Límite de pago excedido a,300\' IN BOOLEAN MODE) AND 9361=6146#
Límite de pago excedido a,300\' IN BOOLEAN MODE) AND 9361=6146#
Límite de pago excedido a,300\' IN BOOLEAN MODE) AND 9361=6146#
